#
# There is insufficient memory for the Java Runtime Environment to continue.
# Native memory allocation (mmap) failed to map 234881024 bytes for G1 virtual space
# Possible reasons:
#   The system is out of physical RAM or swap space
#   The process is running with CompressedOops enabled, and the Java Heap may be blocking the growth of the native heap
# Possible solutions:
#   Reduce memory load on the system
#   Increase physical memory or swap space
#   Check if swap backing store is full
#   Decrease Java heap size (-Xmx/-Xms)
#   Decrease number of Java threads
#   Decrease Java thread stack sizes (-Xss)
#   Set larger code cache with -XX:ReservedCodeCacheSize=
#   JVM is running with Zero Based Compressed Oops mode in which the Java heap is
#     placed in the first 32GB address space. The Java Heap base address is the
#     maximum limit for the native heap growth. Please use -XX:HeapBaseMinAddress
#     to set the Java Heap base and to place the Java Heap above 32GB virtual address.
# This output file may be truncated or incomplete.
#
#  Out of Memory Error (os_windows.cpp:3548), pid=13612, tid=2568
#
# JRE version: Java(TM) SE Runtime Environment (17.0.12+8) (build 17.0.12+8-LTS-286)
# Java VM: Java HotSpot(TM) 64-Bit Server VM (17.0.12+8-LTS-286, mixed mode, sharing, tiered, compressed oops, compressed class ptrs, g1 gc, windows-amd64)
# No core dump will be written. Minidumps are not enabled by default on client versions of Windows
#

---------------  S U M M A R Y ------------

Command Line: --add-opens=java.base/java.lang=ALL-UNNAMED --add-opens=java.base/java.lang.invoke=ALL-UNNAMED --add-opens=java.base/java.util=ALL-UNNAMED --add-opens=java.prefs/java.util.prefs=ALL-UNNAMED --add-exports=jdk.compiler/com.sun.tools.javac.api=ALL-UNNAMED --add-exports=jdk.compiler/com.sun.tools.javac.util=ALL-UNNAMED --add-opens=java.base/java.util=ALL-UNNAMED --add-opens=java.prefs/java.util.prefs=ALL-UNNAMED --add-opens=java.base/java.nio.charset=ALL-UNNAMED --add-opens=java.base/java.net=ALL-UNNAMED --add-opens=java.base/java.util.concurrent.atomic=ALL-UNNAMED --add-opens=java.xml/javax.xml.namespace=ALL-UNNAMED -Xmx8192m -Dfile.encoding=windows-1251 -Duser.country=RU -Duser.language=ru -Duser.variant -javaagent:C:\Users\old21\.gradle\wrapper\dists\gradle-8.14.1-bin\baw1sv0jfoi8rxs14qo3h49cs\gradle-8.14.1\lib\agents\gradle-instrumentation-agent-8.14.1.jar org.gradle.launcher.daemon.bootstrap.GradleDaemon 8.14.1

Host: Intel(R) Core(TM) i5-6400 CPU @ 2.70GHz, 4 cores, 15G,  Windows 10 , 64 bit Build 19041 (10.0.19041.5915)
Time: Fri Aug  1 15:46:34 2025 RTZ 2 (s 10 , 64 bit Build 19041 (10.0.19041.5915) elapsed time: 261.500166 seconds (0d 0h 4m 21s)

---------------  T H R E A D  ---------------

Current thread (0x000001e677990fa0):  VMThread "VM Thread" [stack: 0x0000005f0a000000,0x0000005f0a100000] [id=2568]

Stack: [0x0000005f0a000000,0x0000005f0a100000]
Native frames: (J=compiled Java code, j=interpreted, Vv=VM code, C=native code)
V  [jvm.dll+0x67a04a]
V  [jvm.dll+0x7da4ed]
V  [jvm.dll+0x7dbe33]
V  [jvm.dll+0x7dc4a3]
V  [jvm.dll+0x24508f]
V  [jvm.dll+0x677089]
V  [jvm.dll+0x66bd32]
V  [jvm.dll+0x301fa6]
V  [jvm.dll+0x309546]
V  [jvm.dll+0x359d2e]
V  [jvm.dll+0x359f5f]
V  [jvm.dll+0x2d9078]
V  [jvm.dll+0x2d74ad]
V  [jvm.dll+0x2d6afc]
V  [jvm.dll+0x31a65b]
V  [jvm.dll+0x7e0d9b]
V  [jvm.dll+0x7e1ad4]
V  [jvm.dll+0x7e1fed]
V  [jvm.dll+0x7e23c4]
V  [jvm.dll+0x7e2490]
V  [jvm.dll+0x78abea]
V  [jvm.dll+0x678f35]
C  [ucrtbase.dll+0x21bb2]
C  [KERNEL32.DLL+0x17374]
C  [ntdll.dll+0x4cc91]

VM_Operation (0x0000005f0d5faa00): G1CollectForAllocation, mode: safepoint, requested by thread 0x000001e67c1f5060


---------------  P R O C E S S  ---------------

Threads class SMR info:
_java_thread_list=0x000001e684341e10, length=102, elements={
0x000001e649dc1820, 0x000001e677997160, 0x000001e677998490, 0x000001e6779ac6b0,
0x000001e6779af100, 0x000001e6779b0170, 0x000001e6779b2a50, 0x000001e6779b8050,
0x000001e6779ba530, 0x000001e6779c27b0, 0x000001e677980a80, 0x000001e677d9efb0,
0x000001e67d942a20, 0x000001e67c5f95f0, 0x000001e67db99d30, 0x000001e67cc0f940,
0x000001e67cc0fe20, 0x000001e67dc49ea0, 0x000001e67dc4a3b0, 0x000001e67dc4a8c0,
0x000001e67dc49990, 0x000001e67dc48f70, 0x000001e67dc49480, 0x000001e67dca7300,
0x000001e67dca63d0, 0x000001e67dca54a0, 0x000001e67dca4570, 0x000001e67dca4a80,
0x000001e67dca7810, 0x000001e67dca4f90, 0x000001e67dca59b0, 0x000001e67dca5ec0,
0x000001e67c1fab80, 0x000001e67c1fbfc0, 0x000001e67c1fbab0, 0x000001e67c1f69b0,
0x000001e67c1f8810, 0x000001e67c1f5f90, 0x000001e67c1f8d20, 0x000001e67c1f78e0,
0x000001e67c1fc4d0, 0x000001e67c1f7df0, 0x000001e67c1f64a0, 0x000001e67c1f9230,
0x000001e67c1f5060, 0x000001e67c1f8300, 0x000001e67c1fc9e0, 0x000001e67c1f9740,
0x000001e67c1f9c50, 0x000001e67cb0a1d0, 0x000001e67cb041a0, 0x000001e67cb06f30,
0x000001e67cb08880, 0x000001e67cb0b100, 0x000001e67cb08d90, 0x000001e67cb08370,
0x000001e67cb06510, 0x000001e67cb046b0, 0x000001e67cb07e60, 0x000001e67cb04bc0,
0x000001e67cb055e0, 0x000001e67cb097b0, 0x000001e67cb05af0, 0x000001e67ee68eb0,
0x000001e67ee68490, 0x000001e67ee69de0, 0x000001e67ee693c0, 0x000001e67ee67560,
0x000001e67ee66120, 0x000001e67ee642c0, 0x000001e67ee647d0, 0x000001e67ee67050,
0x000001e67ee64ce0, 0x000001e67ee689a0, 0x000001e67ee6ad10, 0x000001e67ee698d0,
0x000001e67ee6a2f0, 0x000001e67ee6a800, 0x000001e67ee67a70, 0x000001e67ee651f0,
0x000001e67ee65c10, 0x000001e67ee6b730, 0x000001e67ee66630, 0x000001e67cb07950,
0x000001e67cb0a6e0, 0x000001e67cb06000, 0x000001e64157d300, 0x000001e64157f670,
0x000001e6415814d0, 0x000001e67fc9a920, 0x000001e67fc9dbc0, 0x000001e67fc9cc90,
0x000001e67fc9d1a0, 0x000001e67fc9e0d0, 0x000001e67fca1370, 0x000001e67fc9ae30,
0x000001e67fc9eaf0, 0x000001e67ee66b40, 0x000001e64157bec0, 0x000001e641580ab0,
0x000001e67fca1d90, 0x000001e6803b85b0
}

Java Threads: ( => current thread )
  0x000001e649dc1820 JavaThread "main" [_thread_blocked, id=14236, stack(0x0000005f09a00000,0x0000005f09b00000)]
  0x000001e677997160 JavaThread "Reference Handler" daemon [_thread_blocked, id=7044, stack(0x0000005f0a100000,0x0000005f0a200000)]
  0x000001e677998490 JavaThread "Finalizer" daemon [_thread_blocked, id=7048, stack(0x0000005f0a200000,0x0000005f0a300000)]
  0x000001e6779ac6b0 JavaThread "Signal Dispatcher" daemon [_thread_blocked, id=11508, stack(0x0000005f0a300000,0x0000005f0a400000)]
  0x000001e6779af100 JavaThread "Attach Listener" daemon [_thread_blocked, id=10560, stack(0x0000005f0a400000,0x0000005f0a500000)]
  0x000001e6779b0170 JavaThread "Service Thread" daemon [_thread_blocked, id=6984, stack(0x0000005f0a500000,0x0000005f0a600000)]
  0x000001e6779b2a50 JavaThread "Monitor Deflation Thread" daemon [_thread_blocked, id=12712, stack(0x0000005f0a600000,0x0000005f0a700000)]
  0x000001e6779b8050 JavaThread "C2 CompilerThread0" daemon [_thread_blocked, id=13628, stack(0x0000005f0a700000,0x0000005f0a800000)]
  0x000001e6779ba530 JavaThread "C1 CompilerThread0" daemon [_thread_blocked, id=13832, stack(0x0000005f0a800000,0x0000005f0a900000)]
  0x000001e6779c27b0 JavaThread "Sweeper thread" daemon [_thread_blocked, id=11128, stack(0x0000005f0a900000,0x0000005f0aa00000)]
  0x000001e677980a80 JavaThread "Common-Cleaner" daemon [_thread_blocked, id=13556, stack(0x0000005f0aa00000,0x0000005f0ab00000)]
  0x000001e677d9efb0 JavaThread "Notification Thread" daemon [_thread_blocked, id=5332, stack(0x0000005f0ab00000,0x0000005f0ac00000)]
  0x000001e67d942a20 JavaThread "Daemon health stats" [_thread_blocked, id=7712, stack(0x0000005f0b100000,0x0000005f0b200000)]
  0x000001e67c5f95f0 JavaThread "Incoming local TCP Connector on port 56405" [_thread_in_native, id=10860, stack(0x0000005f0b200000,0x0000005f0b300000)]
  0x000001e67db99d30 JavaThread "Daemon periodic checks" [_thread_blocked, id=484, stack(0x0000005f0b300000,0x0000005f0b400000)]
  0x000001e67cc0f940 JavaThread "Daemon" [_thread_blocked, id=13660, stack(0x0000005f0ad00000,0x0000005f0ae00000)]
  0x000001e67cc0fe20 JavaThread "Handler for socket connection from /127.0.0.1:56405 to /127.0.0.1:56406" [_thread_in_native, id=13988, stack(0x0000005f0b400000,0x0000005f0b500000)]
  0x000001e67dc49ea0 JavaThread "Cancel handler" [_thread_blocked, id=10264, stack(0x0000005f0b500000,0x0000005f0b600000)]
  0x000001e67dc4a3b0 JavaThread "Daemon worker" [_thread_blocked, id=1512, stack(0x0000005f0b600000,0x0000005f0b700000)]
  0x000001e67dc4a8c0 JavaThread "Asynchronous log dispatcher for DefaultDaemonConnection: socket connection from /127.0.0.1:56405 to /127.0.0.1:56406" [_thread_blocked, id=1116, stack(0x0000005f0b700000,0x0000005f0b800000)]
  0x000001e67dc49990 JavaThread "Stdin handler" [_thread_blocked, id=14292, stack(0x0000005f0b800000,0x0000005f0b900000)]
  0x000001e67dc48f70 JavaThread "Daemon client event forwarder" [_thread_blocked, id=2476, stack(0x0000005f0b900000,0x0000005f0ba00000)]
  0x000001e67dc49480 JavaThread "Cache worker for journal cache (C:\Users\old21\.gradle\caches\journal-1)" [_thread_blocked, id=12592, stack(0x0000005f0ba00000,0x0000005f0bb00000)]
  0x000001e67dca7300 JavaThread "File lock request listener" [_thread_in_native, id=10128, stack(0x0000005f0bb00000,0x0000005f0bc00000)]
  0x000001e67dca63d0 JavaThread "Cache worker for file hash cache (C:\Users\old21\.gradle\caches\8.14.1\fileHashes)" [_thread_blocked, id=5992, stack(0x0000005f0bc00000,0x0000005f0bd00000)]
  0x000001e67dca54a0 JavaThread "Cache worker for file hash cache (D:\projects\1\NotesWeatherApp\android\.gradle\8.14.1\fileHashes)" [_thread_blocked, id=9844, stack(0x0000005f0be00000,0x0000005f0bf00000)]
  0x000001e67dca4570 JavaThread "Cache worker for Build Output Cleanup Cache (D:\projects\1\NotesWeatherApp\android\.gradle\buildOutputCleanup)" [_thread_blocked, id=13316, stack(0x0000005f0bf00000,0x0000005f0c000000)]
  0x000001e67dca4a80 JavaThread "File watcher server" daemon [_thread_blocked, id=8944, stack(0x0000005f0c000000,0x0000005f0c100000)]
  0x000001e67dca7810 JavaThread "File watcher consumer" daemon [_thread_blocked, id=3044, stack(0x0000005f0c100000,0x0000005f0c200000)]
  0x000001e67dca4f90 JavaThread "jar transforms" [_thread_blocked, id=14096, stack(0x0000005f0c200000,0x0000005f0c300000)]
  0x000001e67dca59b0 JavaThread "Cache worker for checksums cache (D:\projects\1\NotesWeatherApp\android\.gradle\8.14.1\checksums)" [_thread_blocked, id=11580, stack(0x0000005f0c300000,0x0000005f0c400000)]
  0x000001e67dca5ec0 JavaThread "Cache worker for file content cache (C:\Users\old21\.gradle\caches\8.14.1\fileContent)" [_thread_blocked, id=2604, stack(0x0000005f0c400000,0x0000005f0c500000)]
  0x000001e67c1fab80 JavaThread "Cache worker for cache directory md-supplier (C:\Users\old21\.gradle\caches\8.14.1\md-supplier)" [_thread_blocked, id=7192, stack(0x0000005f0c500000,0x0000005f0c600000)]
  0x000001e67c1fbfc0 JavaThread "Cache worker for cache directory md-rule (C:\Users\old21\.gradle\caches\8.14.1\md-rule)" [_thread_blocked, id=7396, stack(0x0000005f0c600000,0x0000005f0c700000)]
  0x000001e67c1fbab0 JavaThread "Cache worker for Build Output Cleanup Cache (D:\projects\1\NotesWeatherApp\node_modules\@react-native\gradle-plugin\.gradle\buildOutputCleanup)" [_thread_blocked, id=3160, stack(0x0000005f0c700000,0x0000005f0c800000)]
  0x000001e67c1f69b0 JavaThread "Unconstrained build operations" [_thread_blocked, id=1908, stack(0x0000005f0c900000,0x0000005f0ca00000)]
  0x000001e67c1f8810 JavaThread "Unconstrained build operations Thread 2" [_thread_blocked, id=4752, stack(0x0000005f0ca00000,0x0000005f0cb00000)]
  0x000001e67c1f5f90 JavaThread "Unconstrained build operations Thread 3" [_thread_blocked, id=6844, stack(0x0000005f0cb00000,0x0000005f0cc00000)]
  0x000001e67c1f8d20 JavaThread "Unconstrained build operations Thread 4" [_thread_blocked, id=4348, stack(0x0000005f0cc00000,0x0000005f0cd00000)]
  0x000001e67c1f78e0 JavaThread "Unconstrained build operations Thread 5" [_thread_blocked, id=5524, stack(0x0000005f0cd00000,0x0000005f0ce00000)]
  0x000001e67c1fc4d0 JavaThread "Unconstrained build operations Thread 6" [_thread_blocked, id=11820, stack(0x0000005f0ce00000,0x0000005f0cf00000)]
  0x000001e67c1f7df0 JavaThread "Unconstrained build operations Thread 7" [_thread_blocked, id=1760, stack(0x0000005f0d200000,0x0000005f0d300000)]
  0x000001e67c1f64a0 JavaThread "Unconstrained build operations Thread 8" [_thread_blocked, id=2128, stack(0x0000005f0d300000,0x0000005f0d400000)]
  0x000001e67c1f9230 JavaThread "Unconstrained build operations Thread 9" [_thread_blocked, id=13924, stack(0x0000005f0d400000,0x0000005f0d500000)]
  0x000001e67c1f5060 JavaThread "Unconstrained build operations Thread 10" [_thread_blocked, id=14196, stack(0x0000005f0d500000,0x0000005f0d600000)]
  0x000001e67c1f8300 JavaThread "Unconstrained build operations Thread 11" [_thread_blocked, id=8380, stack(0x0000005f0d600000,0x0000005f0d700000)]
  0x000001e67c1fc9e0 JavaThread "Unconstrained build operations Thread 12" [_thread_blocked, id=10092, stack(0x0000005f0d700000,0x0000005f0d800000)]
  0x000001e67c1f9740 JavaThread "Unconstrained build operations Thread 13" [_thread_blocked, id=1236, stack(0x0000005f0d800000,0x0000005f0d900000)]
  0x000001e67c1f9c50 JavaThread "Unconstrained build operations Thread 14" [_thread_blocked, id=3088, stack(0x0000005f0d900000,0x0000005f0da00000)]
  0x000001e67cb0a1d0 JavaThread "Unconstrained build operations Thread 15" [_thread_blocked, id=128, stack(0x0000005f0da00000,0x0000005f0db00000)]
  0x000001e67cb041a0 JavaThread "build event listener" [_thread_blocked, id=11312, stack(0x0000005f0db00000,0x0000005f0dc00000)]
  0x000001e67cb06f30 JavaThread "Memory manager" [_thread_blocked, id=232, stack(0x0000005f0bd00000,0x0000005f0be00000)]
  0x000001e67cb08880 JavaThread "ForkJoinPool.commonPool-worker-1" daemon [_thread_blocked, id=14164, stack(0x0000005f0dd00000,0x0000005f0de00000)]
  0x000001e67cb0b100 JavaThread "Execution worker" [_thread_blocked, id=7292, stack(0x0000005f0e600000,0x0000005f0e700000)]
  0x000001e67cb08d90 JavaThread "Execution worker Thread 2" [_thread_blocked, id=1616, stack(0x0000005f0e700000,0x0000005f0e800000)]
  0x000001e67cb08370 JavaThread "Execution worker Thread 3" [_thread_blocked, id=12504, stack(0x0000005f0e800000,0x0000005f0e900000)]
  0x000001e67cb06510 JavaThread "Cache worker for execution history cache (D:\projects\1\NotesWeatherApp\node_modules\@react-native\gradle-plugin\.gradle\8.14.1\executionHistory)" [_thread_blocked, id=6728, stack(0x0000005f0e900000,0x0000005f0ea00000)]
  0x000001e67cb046b0 JavaThread "Unconstrained build operations Thread 16" [_thread_blocked, id=8816, stack(0x0000005f0e400000,0x0000005f0e500000)]
  0x000001e67cb07e60 JavaThread "Unconstrained build operations Thread 17" [_thread_blocked, id=3196, stack(0x0000005f0ea00000,0x0000005f0eb00000)]
  0x000001e67cb04bc0 JavaThread "Unconstrained build operations Thread 18" [_thread_blocked, id=8048, stack(0x0000005f0eb00000,0x0000005f0ec00000)]
  0x000001e67cb055e0 JavaThread "Unconstrained build operations Thread 19" [_thread_blocked, id=8256, stack(0x0000005f0ec00000,0x0000005f0ed00000)]
  0x000001e67cb097b0 JavaThread "Unconstrained build operations Thread 20" [_thread_blocked, id=13808, stack(0x0000005f0ed00000,0x0000005f0ee00000)]
  0x000001e67cb05af0 JavaThread "Unconstrained build operations Thread 21" [_thread_blocked, id=14116, stack(0x0000005f0ee00000,0x0000005f0ef00000)]
  0x000001e67ee68eb0 JavaThread "Unconstrained build operations Thread 22" [_thread_blocked, id=13412, stack(0x0000005f0ef00000,0x0000005f0f000000)]
  0x000001e67ee68490 JavaThread "Unconstrained build operations Thread 23" [_thread_blocked, id=13608, stack(0x0000005f0f000000,0x0000005f0f100000)]
  0x000001e67ee69de0 JavaThread "Unconstrained build operations Thread 24" [_thread_blocked, id=7256, stack(0x0000005f0f200000,0x0000005f0f300000)]
  0x000001e67ee693c0 JavaThread "Unconstrained build operations Thread 25" [_thread_blocked, id=5312, stack(0x0000005f0f100000,0x0000005f0f200000)]
  0x000001e67ee67560 JavaThread "Unconstrained build operations Thread 26" [_thread_blocked, id=8844, stack(0x0000005f0f300000,0x0000005f0f400000)]
  0x000001e67ee66120 JavaThread "Unconstrained build operations Thread 27" [_thread_blocked, id=4340, stack(0x0000005f0f400000,0x0000005f0f500000)]
  0x000001e67ee642c0 JavaThread "Unconstrained build operations Thread 28" [_thread_blocked, id=13684, stack(0x0000005f0f500000,0x0000005f0f600000)]
  0x000001e67ee647d0 JavaThread "Unconstrained build operations Thread 29" [_thread_blocked, id=13256, stack(0x0000005f0f600000,0x0000005f0f700000)]
  0x000001e67ee67050 JavaThread "Unconstrained build operations Thread 30" [_thread_blocked, id=1684, stack(0x0000005f0f700000,0x0000005f0f800000)]
  0x000001e67ee64ce0 JavaThread "Unconstrained build operations Thread 31" [_thread_blocked, id=12964, stack(0x0000005f0f800000,0x0000005f0f900000)]
  0x000001e67ee689a0 JavaThread "Unconstrained build operations Thread 32" [_thread_blocked, id=12776, stack(0x0000005f0f900000,0x0000005f0fa00000)]
  0x000001e67ee6ad10 JavaThread "Unconstrained build operations Thread 33" [_thread_blocked, id=3440, stack(0x0000005f0fa00000,0x0000005f0fb00000)]
  0x000001e67ee698d0 JavaThread "Unconstrained build operations Thread 34" [_thread_blocked, id=13816, stack(0x0000005f0fb00000,0x0000005f0fc00000)]
  0x000001e67ee6a2f0 JavaThread "Unconstrained build operations Thread 35" [_thread_blocked, id=9168, stack(0x0000005f0fc00000,0x0000005f0fd00000)]
  0x000001e67ee6a800 JavaThread "Unconstrained build operations Thread 36" [_thread_blocked, id=11472, stack(0x0000005f0fd00000,0x0000005f0fe00000)]
  0x000001e67ee67a70 JavaThread "Unconstrained build operations Thread 37" [_thread_blocked, id=2688, stack(0x0000005f0ff00000,0x0000005f10000000)]
  0x000001e67ee651f0 JavaThread "jar transforms Thread 2" [_thread_blocked, id=7704, stack(0x0000005f0fe00000,0x0000005f0ff00000)]
  0x000001e67ee65c10 JavaThread "jar transforms Thread 3" [_thread_blocked, id=8628, stack(0x0000005f09800000,0x0000005f09900000)]
  0x000001e67ee6b730 JavaThread "included builds Thread 2" [_thread_blocked, id=3084, stack(0x0000005f09900000,0x0000005f09a00000)]
  0x000001e67ee66630 JavaThread "Unconstrained build operations Thread 38" [_thread_blocked, id=13728, stack(0x0000005f0dc00000,0x0000005f0dd00000)]
  0x000001e67cb07950 JavaThread "Unconstrained build operations Thread 39" [_thread_blocked, id=6248, stack(0x0000005f0df00000,0x0000005f0e000000)]
  0x000001e67cb0a6e0 JavaThread "Unconstrained build operations Thread 40" [_thread_blocked, id=14264, stack(0x0000005f0e000000,0x0000005f0e100000)]
  0x000001e67cb06000 JavaThread "jar transforms Thread 4" [_thread_blocked, id=8980, stack(0x0000005f0e100000,0x0000005f0e200000)]
  0x000001e64157d300 JavaThread "Problems report writer" [_thread_blocked, id=13676, stack(0x0000005f0e200000,0x0000005f0e300000)]
  0x000001e64157f670 JavaThread "build event listener" [_thread_blocked, id=13564, stack(0x0000005f0e300000,0x0000005f0e400000)]
  0x000001e6415814d0 JavaThread "ForkJoinPool.commonPool-worker-5" daemon [_thread_blocked, id=2176, stack(0x0000005f0e500000,0x0000005f0e600000)]
  0x000001e67fc9a920 JavaThread "Cache worker for execution history cache (D:\projects\1\NotesWeatherApp\android\.gradle\8.14.1\executionHistory)" [_thread_blocked, id=10876, stack(0x0000005f10000000,0x0000005f10100000)]
  0x000001e67fc9dbc0 JavaThread "WorkerExecutor Queue" [_thread_blocked, id=4360, stack(0x0000005f10500000,0x0000005f10600000)]
  0x000001e67fc9cc90 JavaThread "WorkerExecutor Queue Thread 2" [_thread_blocked, id=5556, stack(0x0000005f10800000,0x0000005f10900000)]
  0x000001e67fc9d1a0 JavaThread "WorkerExecutor Queue Thread 3" [_thread_blocked, id=12892, stack(0x0000005f10600000,0x0000005f10700000)]
  0x000001e67fc9e0d0 JavaThread "pool-3-thread-1" [_thread_blocked, id=8196, stack(0x0000005f10b00000,0x0000005f10c00000)]
  0x000001e67fca1370 JavaThread "stderr" [_thread_in_native, id=13232, stack(0x0000005f10c00000,0x0000005f10d00000)]
  0x000001e67fc9ae30 JavaThread "stdout" [_thread_in_native, id=11004, stack(0x0000005f10d00000,0x0000005f10e00000)]
  0x000001e67fc9eaf0 JavaThread "Cache worker for Java compile cache (C:\Users\old21\.gradle\caches\8.14.1\javaCompile)" [_thread_blocked, id=14012, stack(0x0000005f10900000,0x0000005f10a00000)]
  0x000001e67ee66b40 JavaThread "Build operations" [_thread_blocked, id=4880, stack(0x0000005f10f00000,0x0000005f11000000)]
  0x000001e64157bec0 JavaThread "Build operations Thread 2" [_thread_blocked, id=8052, stack(0x0000005f11000000,0x0000005f11100000)]
  0x000001e641580ab0 JavaThread "Build operations Thread 3" [_thread_blocked, id=13668, stack(0x0000005f11100000,0x0000005f11200000)]
  0x000001e67fca1d90 JavaThread "WorkerExecutor Queue Thread 5" [_thread_blocked, id=11308, stack(0x0000005f10e00000,0x0000005f10f00000)]
  0x000001e6803b85b0 JavaThread "C2 CompilerThread1" daemon [_thread_blocked, id=8820, stack(0x0000005f11200000,0x0000005f11300000)]

Other Threads:
=>0x000001e677990fa0 VMThread "VM Thread" [stack: 0x0000005f0a000000,0x0000005f0a100000] [id=2568]
  0x000001e649e85c00 WatcherThread [stack: 0x0000005f0ac00000,0x0000005f0ad00000] [id=13432]
  0x000001e649e6c0b0 GCTaskThread "GC Thread#0" [stack: 0x0000005f09b00000,0x0000005f09c00000] [id=13596]
  0x000001e677daf640 GCTaskThread "GC Thread#1" [stack: 0x0000005f0ae00000,0x0000005f0af00000] [id=5788]
  0x000001e677ff7c40 GCTaskThread "GC Thread#2" [stack: 0x0000005f0af00000,0x0000005f0b000000] [id=13780]
  0x000001e677e89fd0 GCTaskThread "GC Thread#3" [stack: 0x0000005f0b000000,0x0000005f0b100000] [id=888]
  0x000001e649e7ee30 ConcurrentGCThread "G1 Main Marker" [stack: 0x0000005f09c00000,0x0000005f09d00000] [id=3192]
  0x000001e649e7fdf0 ConcurrentGCThread "G1 Conc#0" [stack: 0x0000005f09d00000,0x0000005f09e00000] [id=6104]
  0x000001e67784c1c0 ConcurrentGCThread "G1 Refine#0" [stack: 0x0000005f09e00000,0x0000005f09f00000] [id=14328]
  0x000001e67fc5e790 ConcurrentGCThread "G1 Refine#1" [stack: 0x0000005f0cf00000,0x0000005f0d000000] [id=2924]
  0x000001e67fc5ca30 ConcurrentGCThread "G1 Refine#2" [stack: 0x0000005f0d000000,0x0000005f0d100000] [id=12320]
  0x000001e67fc5f060 ConcurrentGCThread "G1 Refine#3" [stack: 0x0000005f0d100000,0x0000005f0d200000] [id=8868]
  0x000001e67784c8a0 ConcurrentGCThread "G1 Service" [stack: 0x0000005f09f00000,0x0000005f0a000000] [id=3736]

Threads with active compile tasks:
C2 CompilerThread0   261867 37184       4       com.android.tools.r8.internal.IR::c (1820 bytes)
C2 CompilerThread1   261867 37117       4       com.android.tools.r8.internal.A5::a (435 bytes)

VM state: at safepoint (normal execution)

VM Mutex/Monitor currently owned by a thread:  ([mutex/lock_event])
[0x000001e649dbd080] Threads_lock - owner thread: 0x000001e677990fa0
[0x000001e649dbdbc0] Heap_lock - owner thread: 0x000001e67c1f5060

Heap address: 0x0000000600000000, size: 8192 MB, Compressed Oops mode: Zero based, Oop shift amount: 3

CDS archive(s) mapped at: [0x000001e600000000-0x000001e600bd0000-0x000001e600bd0000), size 12386304, SharedBaseAddress: 0x000001e600000000, ArchiveRelocationMode: 1.
Compressed class space mapped at: 0x000001e601000000-0x000001e641000000, reserved size: 1073741824
Narrow klass base: 0x000001e600000000, Narrow klass shift: 0, Narrow klass range: 0x100000000

GC Precious Log:
 CPUs: 4 total, 4 available
 Memory: 16336M
 Large Page Support: Disabled
 NUMA Support: Disabled
 Compressed Oops: Enabled (Zero based)
 Heap Region Size: 4M
 Heap Min Capacity: 8M
 Heap Initial Capacity: 256M
 Heap Max Capacity: 8G
 Pre-touch: Disabled
 Parallel Workers: 4
 Concurrent Workers: 1
 Concurrent Refinement Workers: 4
 Periodic GC: Disabled

Heap:
 garbage-first heap   total 1130496K, used 425772K [0x0000000600000000, 0x0000000800000000)
  region size 4096K, 2 young (8192K), 2 survivors (8192K)
 Metaspace       used 173377K, committed 175680K, reserved 1245184K
  class space    used 23315K, committed 24384K, reserved 1048576K

Heap Regions: E=young(eden), S=young(survivor), O=old, HS=humongous(starts), HC=humongous(continues), CS=collection set, F=free, OA=open archive, CA=closed archive, TAMS=top-at-mark-start (previous, next)
|   0|0x0000000600000000, 0x0000000600400000, 0x0000000600400000|100%| O|  |TAMS 0x0000000600400000, 0x0000000600000000| Untracked 
|   1|0x0000000600400000, 0x0000000600800000, 0x0000000600800000|100%|HS|  |TAMS 0x0000000600800000, 0x0000000600400000| Complete 
|   2|0x0000000600800000, 0x0000000600c00000, 0x0000000600c00000|100%| O|  |TAMS 0x0000000600c00000, 0x0000000600800000| Untracked 
|   3|0x0000000600c00000, 0x0000000601000000, 0x0000000601000000|100%| O|  |TAMS 0x0000000601000000, 0x0000000600c00000| Untracked 
|   4|0x0000000601000000, 0x00000006013dee00, 0x0000000601400000| 96%| O|  |TAMS 0x00000006013dee00, 0x0000000601000000| Untracked 
|   5|0x0000000601400000, 0x0000000601800000, 0x0000000601800000|100%|HS|  |TAMS 0x0000000601800000, 0x0000000601400000| Complete 
|   6|0x0000000601800000, 0x0000000601c00000, 0x0000000601c00000|100%| O|  |TAMS 0x0000000601c00000, 0x0000000601800000| Untracked 
|   7|0x0000000601c00000, 0x0000000602000000, 0x0000000602000000|100%| O|  |TAMS 0x0000000602000000, 0x0000000601c00000| Untracked 
|   8|0x0000000602000000, 0x0000000602400000, 0x0000000602400000|100%| O|  |TAMS 0x0000000602400000, 0x0000000602000000| Untracked 
|   9|0x0000000602400000, 0x0000000602800000, 0x0000000602800000|100%| O|  |TAMS 0x0000000602800000, 0x0000000602400000| Untracked 
|  10|0x0000000602800000, 0x0000000602c00000, 0x0000000602c00000|100%| O|  |TAMS 0x0000000602c00000, 0x0000000602800000| Untracked 
|  11|0x0000000602c00000, 0x0000000603000000, 0x0000000603000000|100%| O|  |TAMS 0x0000000603000000, 0x0000000602c00000| Untracked 
|  12|0x0000000603000000, 0x0000000603400000, 0x0000000603400000|100%| O|  |TAMS 0x0000000603400000, 0x0000000603000000| Untracked 
|  13|0x0000000603400000, 0x0000000603800000, 0x0000000603800000|100%|HS|  |TAMS 0x0000000603800000, 0x0000000603400000| Complete 
|  14|0x0000000603800000, 0x0000000603c00000, 0x0000000603c00000|100%| O|  |TAMS 0x0000000603c00000, 0x0000000603800000| Untracked 
|  15|0x0000000603c00000, 0x0000000604000000, 0x0000000604000000|100%| O|  |TAMS 0x0000000604000000, 0x0000000603c00000| Untracked 
|  16|0x0000000604000000, 0x0000000604400000, 0x0000000604400000|100%| O|  |TAMS 0x0000000604400000, 0x0000000604000000| Untracked 
|  17|0x0000000604400000, 0x0000000604800000, 0x0000000604800000|100%| O|  |TAMS 0x0000000604800000, 0x0000000604400000| Untracked 
|  18|0x0000000604800000, 0x0000000604c00000, 0x0000000604c00000|100%| O|  |TAMS 0x0000000604c00000, 0x0000000604800000| Untracked 
|  19|0x0000000604c00000, 0x0000000605000000, 0x0000000605000000|100%| O|  |TAMS 0x0000000605000000, 0x0000000604c00000| Untracked 
|  20|0x0000000605000000, 0x0000000605400000, 0x0000000605400000|100%| O|  |TAMS 0x0000000605400000, 0x0000000605000000| Untracked 
|  21|0x0000000605400000, 0x0000000605800000, 0x0000000605800000|100%| O|  |TAMS 0x0000000605800000, 0x0000000605400000| Untracked 
|  22|0x0000000605800000, 0x0000000605c00000, 0x0000000605c00000|100%| O|  |TAMS 0x0000000605c00000, 0x0000000605800000| Untracked 
|  23|0x0000000605c00000, 0x0000000606000000, 0x0000000606000000|100%| O|  |TAMS 0x0000000606000000, 0x0000000605c00000| Untracked 
|  24|0x0000000606000000, 0x0000000606400000, 0x0000000606400000|100%| O|  |TAMS 0x0000000606400000, 0x0000000606000000| Untracked 
|  25|0x0000000606400000, 0x0000000606800000, 0x0000000606800000|100%| O|  |TAMS 0x0000000606800000, 0x0000000606400000| Untracked 
|  26|0x0000000606800000, 0x0000000606c00000, 0x0000000606c00000|100%| O|  |TAMS 0x0000000606c00000, 0x0000000606800000| Untracked 
|  27|0x0000000606c00000, 0x0000000607000000, 0x0000000607000000|100%|HS|  |TAMS 0x0000000607000000, 0x0000000606c00000| Complete 
|  28|0x0000000607000000, 0x0000000607400000, 0x0000000607400000|100%| O|  |TAMS 0x0000000607400000, 0x0000000607000000| Untracked 
|  29|0x0000000607400000, 0x0000000607800000, 0x0000000607800000|100%| O|  |TAMS 0x0000000607800000, 0x0000000607400000| Untracked 
|  30|0x0000000607800000, 0x0000000607c00000, 0x0000000607c00000|100%| O|  |TAMS 0x0000000607c00000, 0x0000000607800000| Untracked 
|  31|0x0000000607c00000, 0x0000000608000000, 0x0000000608000000|100%| O|  |TAMS 0x0000000608000000, 0x0000000607c00000| Untracked 
|  32|0x0000000608000000, 0x0000000608400000, 0x0000000608400000|100%| O|  |TAMS 0x0000000608400000, 0x0000000608000000| Untracked 
|  33|0x0000000608400000, 0x0000000608800000, 0x0000000608800000|100%| O|  |TAMS 0x0000000608800000, 0x0000000608400000| Untracked 
|  34|0x0000000608800000, 0x0000000608c00000, 0x0000000608c00000|100%| O|  |TAMS 0x0000000608c00000, 0x0000000608800000| Untracked 
|  35|0x0000000608c00000, 0x0000000609000000, 0x0000000609000000|100%| O|  |TAMS 0x0000000609000000, 0x0000000608c00000| Untracked 
|  36|0x0000000609000000, 0x0000000609400000, 0x0000000609400000|100%| O|  |TAMS 0x0000000609400000, 0x0000000609000000| Untracked 
|  37|0x0000000609400000, 0x0000000609800000, 0x0000000609800000|100%| O|  |TAMS 0x0000000609800000, 0x0000000609400000| Untracked 
|  38|0x0000000609800000, 0x0000000609c00000, 0x0000000609c00000|100%| O|  |TAMS 0x0000000609c00000, 0x0000000609800000| Untracked 
|  39|0x0000000609c00000, 0x000000060a000000, 0x000000060a000000|100%| O|  |TAMS 0x000000060a000000, 0x0000000609c00000| Untracked 
|  40|0x000000060a000000, 0x000000060a400000, 0x000000060a400000|100%| O|  |TAMS 0x000000060a400000, 0x000000060a000000| Untracked 
|  41|0x000000060a400000, 0x000000060a800000, 0x000000060a800000|100%| O|  |TAMS 0x000000060a800000, 0x000000060a400000| Untracked 
|  42|0x000000060a800000, 0x000000060ac00000, 0x000000060ac00000|100%| O|  |TAMS 0x000000060ac00000, 0x000000060a800000| Untracked 
|  43|0x000000060ac00000, 0x000000060b000000, 0x000000060b000000|100%| O|  |TAMS 0x000000060b000000, 0x000000060ac00000| Untracked 
|  44|0x000000060b000000, 0x000000060b400000, 0x000000060b400000|100%| O|  |TAMS 0x000000060b400000, 0x000000060b000000| Untracked 
|  45|0x000000060b400000, 0x000000060b800000, 0x000000060b800000|100%| O|  |TAMS 0x000000060b800000, 0x000000060b400000| Untracked 
|  46|0x000000060b800000, 0x000000060bc00000, 0x000000060bc00000|100%| O|  |TAMS 0x000000060bc00000, 0x000000060b800000| Untracked 
|  47|0x000000060bc00000, 0x000000060c000000, 0x000000060c000000|100%| O|  |TAMS 0x000000060c000000, 0x000000060bc00000| Untracked 
|  48|0x000000060c000000, 0x000000060c400000, 0x000000060c400000|100%| O|  |TAMS 0x000000060c400000, 0x000000060c000000| Untracked 
|  49|0x000000060c400000, 0x000000060c800000, 0x000000060c800000|100%| O|  |TAMS 0x000000060c800000, 0x000000060c400000| Untracked 
|  50|0x000000060c800000, 0x000000060cc00000, 0x000000060cc00000|100%| O|  |TAMS 0x000000060cc00000, 0x000000060c800000| Untracked 
|  51|0x000000060cc00000, 0x000000060d000000, 0x000000060d000000|100%| O|  |TAMS 0x000000060d000000, 0x000000060cc00000| Untracked 
|  52|0x000000060d000000, 0x000000060d400000, 0x000000060d400000|100%| O|  |TAMS 0x000000060d400000, 0x000000060d000000| Untracked 
|  53|0x000000060d400000, 0x000000060d800000, 0x000000060d800000|100%| O|  |TAMS 0x000000060d800000, 0x000000060d400000| Untracked 
|  54|0x000000060d800000, 0x000000060dc00000, 0x000000060dc00000|100%| O|  |TAMS 0x000000060dc00000, 0x000000060d800000| Untracked 
|  55|0x000000060dc00000, 0x000000060e000000, 0x000000060e000000|100%| O|  |TAMS 0x000000060e000000, 0x000000060dc00000| Untracked 
|  56|0x000000060e000000, 0x000000060e400000, 0x000000060e400000|100%| O|  |TAMS 0x000000060e400000, 0x000000060e000000| Untracked 
|  57|0x000000060e400000, 0x000000060e800000, 0x000000060e800000|100%| O|  |TAMS 0x000000060e800000, 0x000000060e400000| Untracked 
|  58|0x000000060e800000, 0x000000060ec00000, 0x000000060ec00000|100%| O|  |TAMS 0x000000060ec00000, 0x000000060e800000| Untracked 
|  59|0x000000060ec00000, 0x000000060f000000, 0x000000060f000000|100%| O|  |TAMS 0x000000060f000000, 0x000000060ec00000| Untracked 
|  60|0x000000060f000000, 0x000000060f400000, 0x000000060f400000|100%| O|  |TAMS 0x000000060f400000, 0x000000060f000000| Untracked 
|  61|0x000000060f400000, 0x000000060f800000, 0x000000060f800000|100%| O|  |TAMS 0x000000060f800000, 0x000000060f400000| Untracked 
|  62|0x000000060f800000, 0x000000060fc00000, 0x000000060fc00000|100%| O|  |TAMS 0x000000060fc00000, 0x000000060f800000| Untracked 
|  63|0x000000060fc00000, 0x0000000610000000, 0x0000000610000000|100%| O|  |TAMS 0x0000000610000000, 0x000000060fc00000| Untracked 
|  64|0x0000000610000000, 0x0000000610400000, 0x0000000610400000|100%| O|  |TAMS 0x0000000610400000, 0x0000000610000000| Untracked 
|  65|0x0000000610400000, 0x0000000610800000, 0x0000000610800000|100%| O|  |TAMS 0x0000000610800000, 0x0000000610400000| Untracked 
|  66|0x0000000610800000, 0x0000000610c00000, 0x0000000610c00000|100%| O|  |TAMS 0x0000000610c00000, 0x0000000610800000| Untracked 
|  67|0x0000000610c00000, 0x0000000611000000, 0x0000000611000000|100%| O|  |TAMS 0x0000000611000000, 0x0000000610c00000| Untracked 
|  68|0x0000000611000000, 0x0000000611400000, 0x0000000611400000|100%| O|  |TAMS 0x0000000611400000, 0x0000000611000000| Untracked 
|  69|0x0000000611400000, 0x0000000611800000, 0x0000000611800000|100%| O|  |TAMS 0x0000000611800000, 0x0000000611400000| Untracked 
|  70|0x0000000611800000, 0x0000000611c00000, 0x0000000611c00000|100%| O|  |TAMS 0x0000000611c00000, 0x0000000611800000| Untracked 
|  71|0x0000000611c00000, 0x0000000612000000, 0x0000000612000000|100%| O|  |TAMS 0x0000000612000000, 0x0000000611c00000| Untracked 
|  72|0x0000000612000000, 0x0000000612400000, 0x0000000612400000|100%| O|  |TAMS 0x0000000612400000, 0x0000000612000000| Untracked 
|  73|0x0000000612400000, 0x0000000612800000, 0x0000000612800000|100%| O|  |TAMS 0x0000000612800000, 0x0000000612400000| Untracked 
|  74|0x0000000612800000, 0x0000000612c00000, 0x0000000612c00000|100%| O|  |TAMS 0x0000000612c00000, 0x0000000612800000| Untracked 
|  75|0x0000000612c00000, 0x0000000613000000, 0x0000000613000000|100%| O|  |TAMS 0x0000000613000000, 0x0000000612c00000| Untracked 
|  76|0x0000000613000000, 0x0000000613400000, 0x0000000613400000|100%| O|  |TAMS 0x0000000613400000, 0x0000000613000000| Untracked 
|  77|0x0000000613400000, 0x0000000613800000, 0x0000000613800000|100%| O|  |TAMS 0x0000000613800000, 0x0000000613400000| Untracked 
|  78|0x0000000613800000, 0x0000000613c00000, 0x0000000613c00000|100%| O|  |TAMS 0x0000000613c00000, 0x0000000613800000| Untracked 
|  79|0x0000000613c00000, 0x0000000614000000, 0x0000000614000000|100%| O|  |TAMS 0x0000000614000000, 0x0000000613c00000| Untracked 
|  80|0x0000000614000000, 0x0000000614400000, 0x0000000614400000|100%| O|  |TAMS 0x0000000614400000, 0x0000000614000000| Untracked 
|  81|0x0000000614400000, 0x0000000614800000, 0x0000000614800000|100%| O|  |TAMS 0x0000000614800000, 0x0000000614400000| Untracked 
|  82|0x0000000614800000, 0x0000000614c00000, 0x0000000614c00000|100%| O|  |TAMS 0x0000000614c00000, 0x0000000614800000| Untracked 
|  83|0x0000000614c00000, 0x0000000615000000, 0x0000000615000000|100%| O|  |TAMS 0x0000000615000000, 0x0000000614c00000| Untracked 
|  84|0x0000000615000000, 0x0000000615400000, 0x0000000615400000|100%| O|  |TAMS 0x0000000615400000, 0x0000000615000000| Untracked 
|  85|0x0000000615400000, 0x0000000615800000, 0x0000000615800000|100%| O|  |TAMS 0x0000000615800000, 0x0000000615400000| Untracked 
|  86|0x0000000615800000, 0x0000000615c00000, 0x0000000615c00000|100%| O|  |TAMS 0x0000000615c00000, 0x0000000615800000| Untracked 
|  87|0x0000000615c00000, 0x0000000616000000, 0x0000000616000000|100%| O|  |TAMS 0x0000000615c00000, 0x0000000615c00000| Untracked 
|  88|0x0000000616000000, 0x0000000616400000, 0x0000000616400000|100%| O|  |TAMS 0x0000000616400000, 0x0000000616000000| Untracked 
|  89|0x0000000616400000, 0x0000000616400000, 0x0000000616800000|  0%| F|  |TAMS 0x0000000616400000, 0x0000000616400000| Untracked 
|  90|0x0000000616800000, 0x0000000616c00000, 0x0000000616c00000|100%| O|  |TAMS 0x0000000616800000, 0x0000000616800000| Untracked 
|  91|0x0000000616c00000, 0x0000000617000000, 0x0000000617000000|100%| O|  |TAMS 0x0000000617000000, 0x0000000616c00000| Untracked 
|  92|0x0000000617000000, 0x0000000617000000, 0x0000000617400000|  0%| F|  |TAMS 0x0000000617000000, 0x0000000617000000| Untracked 
|  93|0x0000000617400000, 0x0000000617800000, 0x0000000617800000|100%| O|  |TAMS 0x0000000617800000, 0x0000000617400000| Untracked 
|  94|0x0000000617800000, 0x0000000617c00000, 0x0000000617c00000|100%| O|  |TAMS 0x0000000617c00000, 0x0000000617800000| Untracked 
|  95|0x0000000617c00000, 0x0000000618000000, 0x0000000618000000|100%| O|  |TAMS 0x0000000617c00000, 0x0000000617c00000| Untracked 
|  96|0x0000000618000000, 0x0000000618400000, 0x0000000618400000|100%| O|  |TAMS 0x0000000618400000, 0x0000000618000000| Untracked 
|  97|0x0000000618400000, 0x0000000618800000, 0x0000000618800000|100%| O|  |TAMS 0x0000000618800000, 0x0000000618400000| Untracked 
|  98|0x0000000618800000, 0x0000000618c00000, 0x0000000618c00000|100%| O|  |TAMS 0x0000000618c00000, 0x0000000618800000| Untracked 
|  99|0x0000000618c00000, 0x0000000618c00000, 0x0000000619000000|  0%| F|  |TAMS 0x0000000618c00000, 0x0000000618c00000| Untracked 
| 100|0x0000000619000000, 0x0000000619000000, 0x0000000619400000|  0%| F|  |TAMS 0x0000000619000000, 0x0000000619000000| Untracked 
| 101|0x0000000619400000, 0x0000000619800000, 0x0000000619800000|100%| O|  |TAMS 0x0000000619800000, 0x0000000619400000| Untracked 
| 102|0x0000000619800000, 0x0000000619c00000, 0x0000000619c00000|100%| O|  |TAMS 0x0000000619c00000, 0x0000000619800000| Untracked 
| 103|0x0000000619c00000, 0x000000061a000000, 0x000000061a000000|100%| O|  |TAMS 0x000000061a000000, 0x0000000619c00000| Untracked 
| 104|0x000000061a000000, 0x000000061a400000, 0x000000061a400000|100%| O|  |TAMS 0x000000061a400000, 0x000000061a000000| Untracked 
| 105|0x000000061a400000, 0x000000061a800000, 0x000000061a800000|100%| O|  |TAMS 0x000000061a4de800, 0x000000061a400000| Untracked 
| 106|0x000000061a800000, 0x000000061aa0b200, 0x000000061ac00000| 51%| O|  |TAMS 0x000000061a800000, 0x000000061a800000| Untracked 
| 107|0x000000061ac00000, 0x000000061ac00000, 0x000000061b000000|  0%| F|  |TAMS 0x000000061ac00000, 0x000000061ac00000| Untracked 
| 108|0x000000061b000000, 0x000000061b000000, 0x000000061b400000|  0%| F|  |TAMS 0x000000061b000000, 0x000000061b000000| Untracked 
| 109|0x000000061b400000, 0x000000061b400000, 0x000000061b800000|  0%| F|  |TAMS 0x000000061b400000, 0x000000061b400000| Untracked 
| 110|0x000000061b800000, 0x000000061b800000, 0x000000061bc00000|  0%| F|  |TAMS 0x000000061b800000, 0x000000061b800000| Untracked 
| 111|0x000000061bc00000, 0x000000061bc00000, 0x000000061c000000|  0%| F|  |TAMS 0x000000061bc00000, 0x000000061bc00000| Untracked 
| 112|0x000000061c000000, 0x000000061c000000, 0x000000061c400000|  0%| F|  |TAMS 0x000000061c000000, 0x000000061c000000| Untracked 
| 113|0x000000061c400000, 0x000000061c400000, 0x000000061c800000|  0%| F|  |TAMS 0x000000061c400000, 0x000000061c400000| Untracked 
| 114|0x000000061c800000, 0x000000061c800000, 0x000000061cc00000|  0%| F|  |TAMS 0x000000061c800000, 0x000000061c800000| Untracked 
| 115|0x000000061cc00000, 0x000000061cc00000, 0x000000061d000000|  0%| F|  |TAMS 0x000000061cc00000, 0x000000061cc00000| Untracked 
| 116|0x000000061d000000, 0x000000061d000000, 0x000000061d400000|  0%| F|  |TAMS 0x000000061d000000, 0x000000061d000000| Untracked 
| 117|0x000000061d400000, 0x000000061d400000, 0x000000061d800000|  0%| F|  |TAMS 0x000000061d400000, 0x000000061d400000| Untracked 
| 118|0x000000061d800000, 0x000000061d800000, 0x000000061dc00000|  0%| F|  |TAMS 0x000000061d800000, 0x000000061d800000| Untracked 
| 119|0x000000061dc00000, 0x000000061dc00000, 0x000000061e000000|  0%| F|  |TAMS 0x000000061dc00000, 0x000000061dc00000| Untracked 
| 120|0x000000061e000000, 0x000000061e000000, 0x000000061e400000|  0%| F|  |TAMS 0x000000061e000000, 0x000000061e000000| Untracked 
| 121|0x000000061e400000, 0x000000061e400000, 0x000000061e800000|  0%| F|  |TAMS 0x000000061e400000, 0x000000061e400000| Untracked 
| 122|0x000000061e800000, 0x000000061e800000, 0x000000061ec00000|  0%| F|  |TAMS 0x000000061e800000, 0x000000061e800000| Untracked 
| 123|0x000000061ec00000, 0x000000061ec00000, 0x000000061f000000|  0%| F|  |TAMS 0x000000061ec00000, 0x000000061ec00000| Untracked 
| 124|0x000000061f000000, 0x000000061f000000, 0x000000061f400000|  0%| F|  |TAMS 0x000000061f000000, 0x000000061f000000| Untracked 
| 125|0x000000061f400000, 0x000000061f400000, 0x000000061f800000|  0%| F|  |TAMS 0x000000061f400000, 0x000000061f400000| Untracked 
| 126|0x000000061f800000, 0x000000061f800000, 0x000000061fc00000|  0%| F|  |TAMS 0x000000061f800000, 0x000000061f800000| Untracked 
| 127|0x000000061fc00000, 0x000000061fc00000, 0x0000000620000000|  0%| F|  |TAMS 0x000000061fc00000, 0x000000061fc00000| Untracked 
| 128|0x0000000620000000, 0x0000000620000000, 0x0000000620400000|  0%| F|  |TAMS 0x0000000620000000, 0x0000000620000000| Untracked 
| 129|0x0000000620400000, 0x0000000620400000, 0x0000000620800000|  0%| F|  |TAMS 0x0000000620400000, 0x0000000620400000| Untracked 
| 130|0x0000000620800000, 0x0000000620800000, 0x0000000620c00000|  0%| F|  |TAMS 0x0000000620800000, 0x0000000620800000| Untracked 
| 131|0x0000000620c00000, 0x0000000620c00000, 0x0000000621000000|  0%| F|  |TAMS 0x0000000620c00000, 0x0000000620c00000| Untracked 
| 132|0x0000000621000000, 0x0000000621000000, 0x0000000621400000|  0%| F|  |TAMS 0x0000000621000000, 0x0000000621000000| Untracked 
| 133|0x0000000621400000, 0x0000000621400000, 0x0000000621800000|  0%| F|  |TAMS 0x0000000621400000, 0x0000000621400000| Untracked 
| 134|0x0000000621800000, 0x0000000621800000, 0x0000000621c00000|  0%| F|  |TAMS 0x0000000621800000, 0x0000000621800000| Untracked 
| 135|0x0000000621c00000, 0x0000000621c00000, 0x0000000622000000|  0%| F|  |TAMS 0x0000000621c00000, 0x0000000621c00000| Untracked 
| 136|0x0000000622000000, 0x0000000622000000, 0x0000000622400000|  0%| F|  |TAMS 0x0000000622000000, 0x0000000622000000| Untracked 
| 137|0x0000000622400000, 0x0000000622400000, 0x0000000622800000|  0%| F|  |TAMS 0x0000000622400000, 0x0000000622400000| Untracked 
| 138|0x0000000622800000, 0x0000000622800000, 0x0000000622c00000|  0%| F|  |TAMS 0x0000000622800000, 0x0000000622800000| Untracked 
| 139|0x0000000622c00000, 0x0000000622c00000, 0x0000000623000000|  0%| F|  |TAMS 0x0000000622c00000, 0x0000000622c00000| Untracked 
| 140|0x0000000623000000, 0x0000000623000000, 0x0000000623400000|  0%| F|  |TAMS 0x0000000623000000, 0x0000000623000000| Untracked 
| 141|0x0000000623400000, 0x0000000623400000, 0x0000000623800000|  0%| F|  |TAMS 0x0000000623400000, 0x0000000623400000| Untracked 
| 142|0x0000000623800000, 0x0000000623800000, 0x0000000623c00000|  0%| F|  |TAMS 0x0000000623800000, 0x0000000623800000| Untracked 
| 143|0x0000000623c00000, 0x0000000623c00000, 0x0000000624000000|  0%| F|  |TAMS 0x0000000623c00000, 0x0000000623c00000| Untracked 
| 144|0x0000000624000000, 0x0000000624000000, 0x0000000624400000|  0%| F|  |TAMS 0x0000000624000000, 0x0000000624000000| Untracked 
| 145|0x0000000624400000, 0x0000000624400000, 0x0000000624800000|  0%| F|  |TAMS 0x0000000624400000, 0x0000000624400000| Untracked 
| 146|0x0000000624800000, 0x0000000624800000, 0x0000000624c00000|  0%| F|  |TAMS 0x0000000624800000, 0x0000000624800000| Untracked 
| 147|0x0000000624c00000, 0x0000000624c00000, 0x0000000625000000|  0%| F|  |TAMS 0x0000000624c00000, 0x0000000624c00000| Untracked 
| 148|0x0000000625000000, 0x0000000625000000, 0x0000000625400000|  0%| F|  |TAMS 0x0000000625000000, 0x0000000625000000| Untracked 
| 149|0x0000000625400000, 0x0000000625400000, 0x0000000625800000|  0%| F|  |TAMS 0x0000000625400000, 0x0000000625400000| Untracked 
| 150|0x0000000625800000, 0x0000000625800000, 0x0000000625c00000|  0%| F|  |TAMS 0x0000000625800000, 0x0000000625800000| Untracked 
| 151|0x0000000625c00000, 0x0000000625c00000, 0x0000000626000000|  0%| F|  |TAMS 0x0000000625c00000, 0x0000000625c00000| Untracked 
| 152|0x0000000626000000, 0x0000000626000000, 0x0000000626400000|  0%| F|  |TAMS 0x0000000626000000, 0x0000000626000000| Untracked 
| 153|0x0000000626400000, 0x0000000626400000, 0x0000000626800000|  0%| F|  |TAMS 0x0000000626400000, 0x0000000626400000| Untracked 
| 154|0x0000000626800000, 0x0000000626800000, 0x0000000626c00000|  0%| F|  |TAMS 0x0000000626800000, 0x0000000626800000| Untracked 
| 155|0x0000000626c00000, 0x0000000626c00000, 0x0000000627000000|  0%| F|  |TAMS 0x0000000626c00000, 0x0000000626c00000| Untracked 
| 156|0x0000000627000000, 0x0000000627000000, 0x0000000627400000|  0%| F|  |TAMS 0x0000000627000000, 0x0000000627000000| Untracked 
| 157|0x0000000627400000, 0x0000000627400000, 0x0000000627800000|  0%| F|  |TAMS 0x0000000627400000, 0x0000000627400000| Untracked 
| 158|0x0000000627800000, 0x0000000627800000, 0x0000000627c00000|  0%| F|  |TAMS 0x0000000627800000, 0x0000000627800000| Untracked 
| 159|0x0000000627c00000, 0x0000000627c00000, 0x0000000628000000|  0%| F|  |TAMS 0x0000000627c00000, 0x0000000627c00000| Untracked 
| 160|0x0000000628000000, 0x0000000628000000, 0x0000000628400000|  0%| F|  |TAMS 0x0000000628000000, 0x0000000628000000| Untracked 
| 161|0x0000000628400000, 0x0000000628400000, 0x0000000628800000|  0%| F|  |TAMS 0x0000000628400000, 0x0000000628400000| Untracked 
| 162|0x0000000628800000, 0x0000000628800000, 0x0000000628c00000|  0%| F|  |TAMS 0x0000000628800000, 0x0000000628800000| Untracked 
| 163|0x0000000628c00000, 0x0000000628c00000, 0x0000000629000000|  0%| F|  |TAMS 0x0000000628c00000, 0x0000000628c00000| Untracked 
| 164|0x0000000629000000, 0x0000000629000000, 0x0000000629400000|  0%| F|  |TAMS 0x0000000629000000, 0x0000000629000000| Untracked 
| 165|0x0000000629400000, 0x0000000629400000, 0x0000000629800000|  0%| F|  |TAMS 0x0000000629400000, 0x0000000629400000| Untracked 
| 166|0x0000000629800000, 0x0000000629800000, 0x0000000629c00000|  0%| F|  |TAMS 0x0000000629800000, 0x0000000629800000| Untracked 
| 167|0x0000000629c00000, 0x0000000629c00000, 0x000000062a000000|  0%| F|  |TAMS 0x0000000629c00000, 0x0000000629c00000| Untracked 
| 168|0x000000062a000000, 0x000000062a000000, 0x000000062a400000|  0%| F|  |TAMS 0x000000062a000000, 0x000000062a000000| Untracked 
| 169|0x000000062a400000, 0x000000062a400000, 0x000000062a800000|  0%| F|  |TAMS 0x000000062a400000, 0x000000062a400000| Untracked 
| 170|0x000000062a800000, 0x000000062a800000, 0x000000062ac00000|  0%| F|  |TAMS 0x000000062a800000, 0x000000062a800000| Untracked 
| 171|0x000000062ac00000, 0x000000062ac00000, 0x000000062b000000|  0%| F|  |TAMS 0x000000062ac00000, 0x000000062ac00000| Untracked 
| 172|0x000000062b000000, 0x000000062b000000, 0x000000062b400000|  0%| F|  |TAMS 0x000000062b000000, 0x000000062b000000| Untracked 
| 173|0x000000062b400000, 0x000000062b400000, 0x000000062b800000|  0%| F|  |TAMS 0x000000062b400000, 0x000000062b400000| Untracked 
| 174|0x000000062b800000, 0x000000062b800000, 0x000000062bc00000|  0%| F|  |TAMS 0x000000062b800000, 0x000000062b800000| Untracked 
| 175|0x000000062bc00000, 0x000000062bc00000, 0x000000062c000000|  0%| F|  |TAMS 0x000000062bc00000, 0x000000062bc00000| Untracked 
| 176|0x000000062c000000, 0x000000062c000000, 0x000000062c400000|  0%| F|  |TAMS 0x000000062c000000, 0x000000062c000000| Untracked 
| 177|0x000000062c400000, 0x000000062c400000, 0x000000062c800000|  0%| F|  |TAMS 0x000000062c400000, 0x000000062c400000| Untracked 
| 178|0x000000062c800000, 0x000000062c800000, 0x000000062cc00000|  0%| F|  |TAMS 0x000000062c800000, 0x000000062c800000| Untracked 
| 179|0x000000062cc00000, 0x000000062cc00000, 0x000000062d000000|  0%| F|  |TAMS 0x000000062cc00000, 0x000000062cc00000| Untracked 
| 180|0x000000062d000000, 0x000000062d000000, 0x000000062d400000|  0%| F|  |TAMS 0x000000062d000000, 0x000000062d000000| Untracked 
| 181|0x000000062d400000, 0x000000062d400000, 0x000000062d800000|  0%| F|  |TAMS 0x000000062d400000, 0x000000062d400000| Untracked 
| 182|0x000000062d800000, 0x000000062d800000, 0x000000062dc00000|  0%| F|  |TAMS 0x000000062d800000, 0x000000062d800000| Untracked 
| 183|0x000000062dc00000, 0x000000062dc00000, 0x000000062e000000|  0%| F|  |TAMS 0x000000062dc00000, 0x000000062dc00000| Untracked 
| 184|0x000000062e000000, 0x000000062e000000, 0x000000062e400000|  0%| F|  |TAMS 0x000000062e000000, 0x000000062e000000| Untracked 
| 185|0x000000062e400000, 0x000000062e400000, 0x000000062e800000|  0%| F|  |TAMS 0x000000062e400000, 0x000000062e400000| Untracked 
| 186|0x000000062e800000, 0x000000062e800000, 0x000000062ec00000|  0%| F|  |TAMS 0x000000062e800000, 0x000000062e800000| Untracked 
| 187|0x000000062ec00000, 0x000000062ec00000, 0x000000062f000000|  0%| F|  |TAMS 0x000000062ec00000, 0x000000062ec00000| Untracked 
| 188|0x000000062f000000, 0x000000062f000000, 0x000000062f400000|  0%| F|  |TAMS 0x000000062f000000, 0x000000062f000000| Untracked 
| 189|0x000000062f400000, 0x000000062f400000, 0x000000062f800000|  0%| F|  |TAMS 0x000000062f400000, 0x000000062f400000| Untracked 
| 190|0x000000062f800000, 0x000000062f800000, 0x000000062fc00000|  0%| F|  |TAMS 0x000000062f800000, 0x000000062f800000| Untracked 
| 191|0x000000062fc00000, 0x000000062fc00000, 0x0000000630000000|  0%| F|  |TAMS 0x000000062fc00000, 0x000000062fc00000| Untracked 
| 192|0x0000000630000000, 0x0000000630000000, 0x0000000630400000|  0%| F|  |TAMS 0x0000000630000000, 0x0000000630000000| Untracked 
| 193|0x0000000630400000, 0x0000000630400000, 0x0000000630800000|  0%| F|  |TAMS 0x0000000630400000, 0x0000000630400000| Untracked 
| 194|0x0000000630800000, 0x0000000630800000, 0x0000000630c00000|  0%| F|  |TAMS 0x0000000630800000, 0x0000000630800000| Untracked 
| 195|0x0000000630c00000, 0x0000000630c00000, 0x0000000631000000|  0%| F|  |TAMS 0x0000000630c00000, 0x0000000630c00000| Untracked 
| 196|0x0000000631000000, 0x0000000631000000, 0x0000000631400000|  0%| F|  |TAMS 0x0000000631000000, 0x0000000631000000| Untracked 
| 197|0x0000000631400000, 0x0000000631400000, 0x0000000631800000|  0%| F|  |TAMS 0x0000000631400000, 0x0000000631400000| Untracked 
| 198|0x0000000631800000, 0x0000000631800000, 0x0000000631c00000|  0%| F|  |TAMS 0x0000000631800000, 0x0000000631800000| Untracked 
| 199|0x0000000631c00000, 0x0000000631c00000, 0x0000000632000000|  0%| F|  |TAMS 0x0000000631c00000, 0x0000000631c00000| Untracked 
| 200|0x0000000632000000, 0x0000000632000000, 0x0000000632400000|  0%| F|  |TAMS 0x0000000632000000, 0x0000000632000000| Untracked 
| 201|0x0000000632400000, 0x0000000632400000, 0x0000000632800000|  0%| F|  |TAMS 0x0000000632400000, 0x0000000632400000| Untracked 
| 202|0x0000000632800000, 0x0000000632800000, 0x0000000632c00000|  0%| F|  |TAMS 0x0000000632800000, 0x0000000632800000| Untracked 
| 203|0x0000000632c00000, 0x0000000632c00000, 0x0000000633000000|  0%| F|  |TAMS 0x0000000632c00000, 0x0000000632c00000| Untracked 
| 204|0x0000000633000000, 0x0000000633000000, 0x0000000633400000|  0%| F|  |TAMS 0x0000000633000000, 0x0000000633000000| Untracked 
| 205|0x0000000633400000, 0x0000000633400000, 0x0000000633800000|  0%| F|  |TAMS 0x0000000633400000, 0x0000000633400000| Untracked 
| 206|0x0000000633800000, 0x0000000633800000, 0x0000000633c00000|  0%| F|  |TAMS 0x0000000633800000, 0x0000000633800000| Untracked 
| 207|0x0000000633c00000, 0x0000000633c00000, 0x0000000634000000|  0%| F|  |TAMS 0x0000000633c00000, 0x0000000633c00000| Untracked 
| 208|0x0000000634000000, 0x0000000634000000, 0x0000000634400000|  0%| F|  |TAMS 0x0000000634000000, 0x0000000634000000| Untracked 
| 209|0x0000000634400000, 0x0000000634400000, 0x0000000634800000|  0%| F|  |TAMS 0x0000000634400000, 0x0000000634400000| Untracked 
| 210|0x0000000634800000, 0x0000000634800000, 0x0000000634c00000|  0%| F|  |TAMS 0x0000000634800000, 0x0000000634800000| Untracked 
| 211|0x0000000634c00000, 0x0000000634c00000, 0x0000000635000000|  0%| F|  |TAMS 0x0000000634c00000, 0x0000000634c00000| Untracked 
| 212|0x0000000635000000, 0x0000000635000000, 0x0000000635400000|  0%| F|  |TAMS 0x0000000635000000, 0x0000000635000000| Untracked 
| 213|0x0000000635400000, 0x0000000635400000, 0x0000000635800000|  0%| F|  |TAMS 0x0000000635400000, 0x0000000635400000| Untracked 
| 214|0x0000000635800000, 0x0000000635800000, 0x0000000635c00000|  0%| F|  |TAMS 0x0000000635800000, 0x0000000635800000| Untracked 
| 215|0x0000000635c00000, 0x0000000635c00000, 0x0000000636000000|  0%| F|  |TAMS 0x0000000635c00000, 0x0000000635c00000| Untracked 
| 216|0x0000000636000000, 0x0000000636000000, 0x0000000636400000|  0%| F|  |TAMS 0x0000000636000000, 0x0000000636000000| Untracked 
| 217|0x0000000636400000, 0x0000000636400000, 0x0000000636800000|  0%| F|  |TAMS 0x0000000636400000, 0x0000000636400000| Untracked 
| 218|0x0000000636800000, 0x0000000636800000, 0x0000000636c00000|  0%| F|  |TAMS 0x0000000636800000, 0x0000000636800000| Untracked 
| 219|0x0000000636c00000, 0x0000000636c00000, 0x0000000637000000|  0%| F|  |TAMS 0x0000000636c00000, 0x0000000636c00000| Untracked 
| 220|0x0000000637000000, 0x0000000637000000, 0x0000000637400000|  0%| F|  |TAMS 0x0000000637000000, 0x0000000637000000| Untracked 
| 221|0x0000000637400000, 0x0000000637400000, 0x0000000637800000|  0%| F|  |TAMS 0x0000000637400000, 0x0000000637400000| Untracked 
| 222|0x0000000637800000, 0x0000000637800000, 0x0000000637c00000|  0%| F|  |TAMS 0x0000000637800000, 0x0000000637800000| Untracked 
| 223|0x0000000637c00000, 0x0000000637c00000, 0x0000000638000000|  0%| F|  |TAMS 0x0000000637c00000, 0x0000000637c00000| Untracked 
| 224|0x0000000638000000, 0x0000000638000000, 0x0000000638400000|  0%| F|  |TAMS 0x0000000638000000, 0x0000000638000000| Untracked 
| 225|0x0000000638400000, 0x0000000638400000, 0x0000000638800000|  0%| F|  |TAMS 0x0000000638400000, 0x0000000638400000| Untracked 
| 226|0x0000000638800000, 0x0000000638800000, 0x0000000638c00000|  0%| F|  |TAMS 0x0000000638800000, 0x0000000638800000| Untracked 
| 227|0x0000000638c00000, 0x0000000638c00000, 0x0000000639000000|  0%| F|  |TAMS 0x0000000638c00000, 0x0000000638c00000| Untracked 
| 228|0x0000000639000000, 0x0000000639000000, 0x0000000639400000|  0%| F|  |TAMS 0x0000000639000000, 0x0000000639000000| Untracked 
| 229|0x0000000639400000, 0x0000000639400000, 0x0000000639800000|  0%| F|  |TAMS 0x0000000639400000, 0x0000000639400000| Untracked 
| 230|0x0000000639800000, 0x0000000639800000, 0x0000000639c00000|  0%| F|  |TAMS 0x0000000639800000, 0x0000000639800000| Untracked 
| 231|0x0000000639c00000, 0x0000000639c00000, 0x000000063a000000|  0%| F|  |TAMS 0x0000000639c00000, 0x0000000639c00000| Untracked 
| 232|0x000000063a000000, 0x000000063a000000, 0x000000063a400000|  0%| F|  |TAMS 0x000000063a000000, 0x000000063a000000| Untracked 
| 233|0x000000063a400000, 0x000000063a400000, 0x000000063a800000|  0%| F|  |TAMS 0x000000063a400000, 0x000000063a400000| Untracked 
| 234|0x000000063a800000, 0x000000063a800000, 0x000000063ac00000|  0%| F|  |TAMS 0x000000063a800000, 0x000000063a800000| Untracked 
| 235|0x000000063ac00000, 0x000000063ac00000, 0x000000063b000000|  0%| F|  |TAMS 0x000000063ac00000, 0x000000063ac00000| Untracked 
| 236|0x000000063b000000, 0x000000063b000000, 0x000000063b400000|  0%| F|  |TAMS 0x000000063b000000, 0x000000063b000000| Untracked 
| 237|0x000000063b400000, 0x000000063b400000, 0x000000063b800000|  0%| F|  |TAMS 0x000000063b400000, 0x000000063b400000| Untracked 
| 238|0x000000063b800000, 0x000000063b800000, 0x000000063bc00000|  0%| F|  |TAMS 0x000000063b800000, 0x000000063b800000| Untracked 
| 239|0x000000063bc00000, 0x000000063bc00000, 0x000000063c000000|  0%| F|  |TAMS 0x000000063bc00000, 0x000000063bc00000| Untracked 
| 240|0x000000063c000000, 0x000000063c000000, 0x000000063c400000|  0%| F|  |TAMS 0x000000063c000000, 0x000000063c000000| Untracked 
| 241|0x000000063c400000, 0x000000063c400000, 0x000000063c800000|  0%| F|  |TAMS 0x000000063c400000, 0x000000063c400000| Untracked 
| 242|0x000000063c800000, 0x000000063c800000, 0x000000063cc00000|  0%| F|  |TAMS 0x000000063c800000, 0x000000063c800000| Untracked 
| 243|0x000000063cc00000, 0x000000063cc00000, 0x000000063d000000|  0%| F|  |TAMS 0x000000063cc00000, 0x000000063cc00000| Untracked 
| 244|0x000000063d000000, 0x000000063d000000, 0x000000063d400000|  0%| F|  |TAMS 0x000000063d000000, 0x000000063d000000| Untracked 
| 245|0x000000063d400000, 0x000000063d400000, 0x000000063d800000|  0%| F|  |TAMS 0x000000063d400000, 0x000000063d400000| Untracked 
| 246|0x000000063d800000, 0x000000063d800000, 0x000000063dc00000|  0%| F|  |TAMS 0x000000063d800000, 0x000000063d800000| Untracked 
| 247|0x000000063dc00000, 0x000000063dc00000, 0x000000063e000000|  0%| F|  |TAMS 0x000000063dc00000, 0x000000063dc00000| Untracked 
| 248|0x000000063e000000, 0x000000063e000000, 0x000000063e400000|  0%| F|  |TAMS 0x000000063e000000, 0x000000063e000000| Untracked 
| 249|0x000000063e400000, 0x000000063e400000, 0x000000063e800000|  0%| F|  |TAMS 0x000000063e400000, 0x000000063e400000| Untracked 
| 250|0x000000063e800000, 0x000000063e800000, 0x000000063ec00000|  0%| F|  |TAMS 0x000000063e800000, 0x000000063e800000| Untracked 
| 251|0x000000063ec00000, 0x000000063ec00000, 0x000000063f000000|  0%| F|  |TAMS 0x000000063ec00000, 0x000000063ec00000| Untracked 
| 252|0x000000063f000000, 0x000000063f000000, 0x000000063f400000|  0%| F|  |TAMS 0x000000063f000000, 0x000000063f000000| Untracked 
| 253|0x000000063f400000, 0x000000063f400000, 0x000000063f800000|  0%| F|  |TAMS 0x000000063f400000, 0x000000063f400000| Untracked 
| 254|0x000000063f800000, 0x000000063f800000, 0x000000063fc00000|  0%| F|  |TAMS 0x000000063f800000, 0x000000063f800000| Untracked 
| 255|0x000000063fc00000, 0x000000063fc00000, 0x0000000640000000|  0%| F|  |TAMS 0x000000063fc00000, 0x000000063fc00000| Untracked 
| 256|0x0000000640000000, 0x0000000640000000, 0x0000000640400000|  0%| F|  |TAMS 0x0000000640000000, 0x0000000640000000| Untracked 
| 257|0x0000000640400000, 0x0000000640400000, 0x0000000640800000|  0%| F|  |TAMS 0x0000000640400000, 0x0000000640400000| Untracked 
| 258|0x0000000640800000, 0x0000000640800000, 0x0000000640c00000|  0%| F|  |TAMS 0x0000000640800000, 0x0000000640800000| Untracked 
| 259|0x0000000640c00000, 0x0000000640c00000, 0x0000000641000000|  0%| F|  |TAMS 0x0000000640c00000, 0x0000000640c00000| Untracked 
| 260|0x0000000641000000, 0x0000000641000000, 0x0000000641400000|  0%| F|  |TAMS 0x0000000641000000, 0x0000000641000000| Untracked 
| 261|0x0000000641400000, 0x0000000641400000, 0x0000000641800000|  0%| F|  |TAMS 0x0000000641400000, 0x0000000641400000| Untracked 
| 262|0x0000000641800000, 0x0000000641800000, 0x0000000641c00000|  0%| F|  |TAMS 0x0000000641800000, 0x0000000641800000| Untracked 
| 263|0x0000000641c00000, 0x0000000641c00000, 0x0000000642000000|  0%| F|  |TAMS 0x0000000641c00000, 0x0000000641c00000| Untracked 
| 264|0x0000000642000000, 0x0000000642000000, 0x0000000642400000|  0%| F|  |TAMS 0x0000000642000000, 0x0000000642000000| Untracked 
| 265|0x0000000642400000, 0x0000000642400000, 0x0000000642800000|  0%| F|  |TAMS 0x0000000642400000, 0x0000000642400000| Untracked 
| 266|0x0000000642800000, 0x00000006429e13b0, 0x0000000642c00000| 46%| S|CS|TAMS 0x0000000642800000, 0x0000000642800000| Complete 
| 267|0x0000000642c00000, 0x0000000643000000, 0x0000000643000000|100%| S|CS|TAMS 0x0000000642c00000, 0x0000000642c00000| Complete 
| 268|0x0000000643000000, 0x0000000643000000, 0x0000000643400000|  0%| F|  |TAMS 0x0000000643000000, 0x0000000643000000| Untracked 
| 269|0x0000000643400000, 0x0000000643400000, 0x0000000643800000|  0%| F|  |TAMS 0x0000000643400000, 0x0000000643400000| Untracked 
| 270|0x0000000643800000, 0x0000000643800000, 0x0000000643c00000|  0%| F|  |TAMS 0x0000000643800000, 0x0000000643800000| Untracked 
| 271|0x0000000643c00000, 0x0000000643c00000, 0x0000000644000000|  0%| F|  |TAMS 0x0000000643c00000, 0x0000000643c00000| Untracked 
| 272|0x0000000644000000, 0x0000000644000000, 0x0000000644400000|  0%| F|  |TAMS 0x0000000644000000, 0x0000000644000000| Untracked 
| 273|0x0000000644400000, 0x0000000644400000, 0x0000000644800000|  0%| F|  |TAMS 0x0000000644400000, 0x0000000644400000| Untracked 
| 274|0x0000000644800000, 0x0000000644800000, 0x0000000644c00000|  0%| F|  |TAMS 0x0000000644800000, 0x0000000644800000| Untracked 
| 275|0x0000000644c00000, 0x0000000644c00000, 0x0000000645000000|  0%| F|  |TAMS 0x0000000644c00000, 0x0000000644c00000| Untracked 

Card table byte_map: [0x000001e6634b0000,0x000001e6644b0000] _byte_map_base: 0x000001e6604b0000

Marking Bits (Prev, Next): (CMBitMap*) 0x000001e649e6d530, (CMBitMap*) 0x000001e649e6d4f0
 Prev Bits: [0x000001e66d4b0000, 0x000001e6754b0000)
 Next Bits: [0x000001e6654b0000, 0x000001e66d4b0000)

Polling page: 0x000001e649c20000

Metaspace:

Usage:
  Non-class:    146.54 MB used.
      Class:     22.77 MB used.
       Both:    169.31 MB used.

Virtual space:
  Non-class space:      192.00 MB reserved,     147.75 MB ( 77%) committed,  3 nodes.
      Class space:        1.00 GB reserved,      23.81 MB (  2%) committed,  1 nodes.
             Both:        1.19 GB reserved,     171.56 MB ( 14%) committed. 

Chunk freelists:
   Non-Class:  11.42 MB
       Class:  8.23 MB
        Both:  19.65 MB

MaxMetaspaceSize: unlimited
CompressedClassSpaceSize: 1.00 GB
Initial GC threshold: 21.00 MB
Current GC threshold: 285.88 MB
CDS: on
MetaspaceReclaimPolicy: balanced
 - commit_granule_bytes: 65536.
 - commit_granule_words: 8192.
 - virtual_space_node_default_size: 8388608.
 - enlarge_chunks_in_place: 1.
 - new_chunks_are_fully_committed: 0.
 - uncommit_free_chunks: 1.
 - use_allocation_guard: 0.
 - handle_deallocations: 1.


Internal statistics:

num_allocs_failed_limit: 9.
num_arena_births: 3158.
num_arena_deaths: 6.
num_vsnodes_births: 4.
num_vsnodes_deaths: 0.
num_space_committed: 2746.
num_space_uncommitted: 2.
num_chunks_returned_to_freelist: 42.
num_chunks_taken_from_freelist: 11304.
num_chunk_merges: 15.
num_chunk_splits: 7029.
num_chunks_enlarged: 4173.
num_inconsistent_stats: 0.

CodeHeap 'non-profiled nmethods': size=120000Kb used=27167Kb max_used=27167Kb free=92832Kb
 bounds [0x000001e65a950000, 0x000001e65c3e0000, 0x000001e661e80000]
CodeHeap 'profiled nmethods': size=120000Kb used=60079Kb max_used=61647Kb free=59920Kb
 bounds [0x000001e652e80000, 0x000001e656b70000, 0x000001e65a3b0000]
CodeHeap 'non-nmethods': size=5760Kb used=2562Kb max_used=2696Kb free=3197Kb
 bounds [0x000001e65a3b0000, 0x000001e65a680000, 0x000001e65a950000]
 total_blobs=29667 nmethods=28550 adapters=1026
 compilation: enabled
              stopped_count=0, restarted_count=0
 full_count=0

Compilation events (20 events):
Event: 261.239 Thread 0x000001e6779ba530 nmethod 37216 0x000001e656748710 code [0x000001e656748900, 0x000001e656748f58]
Event: 261.239 Thread 0x000001e6803b85b0 37151       4       java.util.IdentityHashMap$KeySet::toArray (9 bytes)
Event: 261.246 Thread 0x000001e6803b85b0 nmethod 37151 0x000001e65c3d2e10 code [0x000001e65c3d2fa0, 0x000001e65c3d34f8]
Event: 261.246 Thread 0x000001e6803b85b0 37159       4       java.util.Collections$SetFromMap::toArray (10 bytes)
Event: 261.254 Thread 0x000001e6803b85b0 nmethod 37159 0x000001e65c3d3890 code [0x000001e65c3d3a40, 0x000001e65c3d3fd8]
Event: 261.254 Thread 0x000001e6803b85b0 37165       4       com.android.tools.r8.internal.Za::c (37 bytes)
Event: 261.258 Thread 0x000001e6803b85b0 nmethod 37165 0x000001e65c3d4390 code [0x000001e65c3d4560, 0x000001e65c3d4a38]
Event: 261.258 Thread 0x000001e6803b85b0 37166       4       com.android.tools.r8.internal.ZE::isEmpty (11 bytes)
Event: 261.258 Thread 0x000001e6803b85b0 nmethod 37166 0x000001e65c3d4d10 code [0x000001e65c3d4e80, 0x000001e65c3d4f18]
Event: 261.258 Thread 0x000001e6803b85b0 37170       4       com.android.tools.r8.internal.pn::<init> (150 bytes)
Event: 261.280 Thread 0x000001e6803b85b0 nmethod 37170 0x000001e65c3d5010 code [0x000001e65c3d5200, 0x000001e65c3d69b8]
Event: 261.280 Thread 0x000001e6803b85b0 37160       4       com.android.tools.r8.internal.y50::a (23 bytes)
Event: 261.281 Thread 0x000001e6803b85b0 nmethod 37160 0x000001e65c3d6f10 code [0x000001e65c3d70a0, 0x000001e65c3d71b8]
Event: 261.281 Thread 0x000001e6803b85b0 37132       4       com.android.tools.r8.internal.FA$$Lambda$3638/0x000001e6026da750::compare (12 bytes)
Event: 261.282 Thread 0x000001e6803b85b0 nmethod 37132 0x000001e65c3d7310 code [0x000001e65c3d74a0, 0x000001e65c3d75d8]
Event: 261.282 Thread 0x000001e6803b85b0 37146       4       com.android.tools.r8.internal.yX::a (24 bytes)
Event: 261.283 Thread 0x000001e6803b85b0 nmethod 37146 0x000001e65c3d7710 code [0x000001e65c3d78a0, 0x000001e65c3d79b8]
Event: 261.283 Thread 0x000001e6803b85b0 37168       4       com.android.tools.r8.internal.Q5$$Lambda$3679/0x000001e6026ef930::test (12 bytes)
Event: 261.284 Thread 0x000001e6803b85b0 nmethod 37168 0x000001e65c3d7b10 code [0x000001e65c3d7ca0, 0x000001e65c3d7da8]
Event: 261.284 Thread 0x000001e6803b85b0 37117       4       com.android.tools.r8.internal.A5::a (435 bytes)

GC Heap History (20 events):
Event: 240.752 GC heap after
{Heap after GC invocations=79 (full 0):
 garbage-first heap   total 1130496K, used 391337K [0x0000000600000000, 0x0000000800000000)
  region size 4096K, 2 young (8192K), 2 survivors (8192K)
 Metaspace       used 172991K, committed 175232K, reserved 1245184K
  class space    used 23299K, committed 24320K, reserved 1048576K
}
Event: 242.814 GC heap before
{Heap before GC invocations=79 (full 0):
 garbage-first heap   total 1130496K, used 936105K [0x0000000600000000, 0x0000000800000000)
  region size 4096K, 135 young (552960K), 2 survivors (8192K)
 Metaspace       used 173205K, committed 175488K, reserved 1245184K
  class space    used 23323K, committed 24384K, reserved 1048576K
}
Event: 242.837 GC heap after
{Heap after GC invocations=80 (full 0):
 garbage-first heap   total 1130496K, used 392524K [0x0000000600000000, 0x0000000800000000)
  region size 4096K, 2 young (8192K), 2 survivors (8192K)
 Metaspace       used 173205K, committed 175488K, reserved 1245184K
  class space    used 23323K, committed 24384K, reserved 1048576K
}
Event: 245.117 GC heap before
{Heap before GC invocations=80 (full 0):
 garbage-first heap   total 1130496K, used 949580K [0x0000000600000000, 0x0000000800000000)
  region size 4096K, 138 young (565248K), 2 survivors (8192K)
 Metaspace       used 173367K, committed 175680K, reserved 1245184K
  class space    used 23330K, committed 24384K, reserved 1048576K
}
Event: 245.153 GC heap after
{Heap after GC invocations=81 (full 0):
 garbage-first heap   total 1130496K, used 424866K [0x0000000600000000, 0x0000000800000000)
  region size 4096K, 10 young (40960K), 10 survivors (40960K)
 Metaspace       used 173367K, committed 175680K, reserved 1245184K
  class space    used 23330K, committed 24384K, reserved 1048576K
}
Event: 247.663 GC heap before
{Heap before GC invocations=81 (full 0):
 garbage-first heap   total 1130496K, used 928674K [0x0000000600000000, 0x0000000800000000)
  region size 4096K, 133 young (544768K), 10 survivors (40960K)
 Metaspace       used 173420K, committed 175744K, reserved 1245184K
  class space    used 23331K, committed 24384K, reserved 1048576K
}
Event: 247.822 GC heap after
{Heap after GC invocations=82 (full 0):
 garbage-first heap   total 1130496K, used 427924K [0x0000000600000000, 0x0000000800000000)
  region size 4096K, 3 young (12288K), 3 survivors (12288K)
 Metaspace       used 173420K, committed 175744K, reserved 1245184K
  class space    used 23331K, committed 24384K, reserved 1048576K
}
Event: 252.994 GC heap before
{Heap before GC invocations=83 (full 0):
 garbage-first heap   total 1130496K, used 935828K [0x0000000600000000, 0x0000000800000000)
  region size 4096K, 128 young (524288K), 3 survivors (12288K)
 Metaspace       used 173190K, committed 175616K, reserved 1245184K
  class space    used 23313K, committed 24384K, reserved 1048576K
}
Event: 253.013 GC heap after
{Heap after GC invocations=84 (full 0):
 garbage-first heap   total 1130496K, used 426403K [0x0000000600000000, 0x0000000800000000)
  region size 4096K, 2 young (8192K), 2 survivors (8192K)
 Metaspace       used 173190K, committed 175616K, reserved 1245184K
  class space    used 23313K, committed 24384K, reserved 1048576K
}
Event: 253.258 GC heap before
{Heap before GC invocations=84 (full 0):
 garbage-first heap   total 1130496K, used 467363K [0x0000000600000000, 0x0000000800000000)
  region size 4096K, 13 young (53248K), 2 survivors (8192K)
 Metaspace       used 173195K, committed 175616K, reserved 1245184K
  class space    used 23313K, committed 24384K, reserved 1048576K
}
Event: 253.312 GC heap after
{Heap after GC invocations=85 (full 0):
 garbage-first heap   total 1130496K, used 422424K [0x0000000600000000, 0x0000000800000000)
  region size 4096K, 1 young (4096K), 1 survivors (4096K)
 Metaspace       used 173195K, committed 175616K, reserved 1245184K
  class space    used 23313K, committed 24384K, reserved 1048576K
}
Event: 255.143 GC heap before
{Heap before GC invocations=85 (full 0):
 garbage-first heap   total 1130496K, used 950808K [0x0000000600000000, 0x0000000800000000)
  region size 4096K, 130 young (532480K), 1 survivors (4096K)
 Metaspace       used 173260K, committed 175616K, reserved 1245184K
  class space    used 23314K, committed 24384K, reserved 1048576K
}
Event: 255.169 GC heap after
{Heap after GC invocations=86 (full 0):
 garbage-first heap   total 1130496K, used 440119K [0x0000000600000000, 0x0000000800000000)
  region size 4096K, 6 young (24576K), 6 survivors (24576K)
 Metaspace       used 173260K, committed 175616K, reserved 1245184K
  class space    used 23314K, committed 24384K, reserved 1048576K
}
Event: 256.733 GC heap before
{Heap before GC invocations=86 (full 0):
 garbage-first heap   total 1130496K, used 948023K [0x0000000600000000, 0x0000000800000000)
  region size 4096K, 130 young (532480K), 6 survivors (24576K)
 Metaspace       used 173268K, committed 175616K, reserved 1245184K
  class space    used 23315K, committed 24384K, reserved 1048576K
}
Event: 256.751 GC heap after
{Heap after GC invocations=87 (full 0):
 garbage-first heap   total 1130496K, used 442391K [0x0000000600000000, 0x0000000800000000)
  region size 4096K, 6 young (24576K), 6 survivors (24576K)
 Metaspace       used 173268K, committed 175616K, reserved 1245184K
  class space    used 23315K, committed 24384K, reserved 1048576K
}
Event: 258.144 GC heap before
{Heap before GC invocations=87 (full 0):
 garbage-first heap   total 1130496K, used 962583K [0x0000000600000000, 0x0000000800000000)
  region size 4096K, 133 young (544768K), 6 survivors (24576K)
 Metaspace       used 173289K, committed 175616K, reserved 1245184K
  class space    used 23315K, committed 24384K, reserved 1048576K
}
Event: 258.188 GC heap after
{Heap after GC invocations=88 (full 0):
 garbage-first heap   total 1130496K, used 445218K [0x0000000600000000, 0x0000000800000000)
  region size 4096K, 7 young (28672K), 7 survivors (28672K)
 Metaspace       used 173289K, committed 175616K, reserved 1245184K
  class space    used 23315K, committed 24384K, reserved 1048576K
}
Event: 261.071 GC heap before
{Heap before GC invocations=89 (full 0):
 garbage-first heap   total 1130496K, used 965410K [0x0000000600000000, 0x0000000800000000)
  region size 4096K, 134 young (548864K), 7 survivors (28672K)
 Metaspace       used 173372K, committed 175680K, reserved 1245184K
  class space    used 23315K, committed 24384K, reserved 1048576K
}
Event: 261.088 GC heap after
{Heap after GC invocations=90 (full 0):
 garbage-first heap   total 1130496K, used 439029K [0x0000000600000000, 0x0000000800000000)
  region size 4096K, 5 young (20480K), 5 survivors (20480K)
 Metaspace       used 173372K, committed 175680K, reserved 1245184K
  class space    used 23315K, committed 24384K, reserved 1048576K
}
Event: 261.296 GC heap before
{Heap before GC invocations=90 (full 0):
 garbage-first heap   total 1130496K, used 471797K [0x0000000600000000, 0x0000000800000000)
  region size 4096K, 13 young (53248K), 5 survivors (20480K)
 Metaspace       used 173377K, committed 175680K, reserved 1245184K
  class space    used 23315K, committed 24384K, reserved 1048576K
}

Deoptimization events (20 events):
Event: 261.026 Thread 0x000001e67c1f5060 Uncommon trap: trap_request=0xffffff6e fr.pc=0x000001e65c16cce4 relative=0x0000000000005044
Event: 261.026 Thread 0x000001e67c1f5060 Uncommon trap: reason=loop_limit_check action=maybe_recompile pc=0x000001e65c16cce4 method=java.util.BitSet.recalculateWordsInUse()V @ 8 c2
Event: 261.026 Thread 0x000001e67c1f5060 DEOPT PACKING pc=0x000001e65c16cce4 sp=0x0000005f0d5fa8c0
Event: 261.026 Thread 0x000001e67c1f5060 DEOPT UNPACKING pc=0x000001e65a4023a3 sp=0x0000005f0d5fa6c8 mode 2
Event: 261.167 Thread 0x000001e67c1f5060 Uncommon trap: trap_request=0xffffffbe fr.pc=0x000001e65c3c8cc0 relative=0x0000000000000b40
Event: 261.167 Thread 0x000001e67c1f5060 Uncommon trap: reason=profile_predicate action=maybe_recompile pc=0x000001e65c3c8cc0 method=com.android.tools.r8.internal.Q5.b(Lcom/android/tools/r8/internal/ZD;)Z @ 38 c2
Event: 261.167 Thread 0x000001e67c1f5060 DEOPT PACKING pc=0x000001e65c3c8cc0 sp=0x0000005f0d5fa800
Event: 261.167 Thread 0x000001e67c1f5060 DEOPT UNPACKING pc=0x000001e65a4023a3 sp=0x0000005f0d5fa7e8 mode 2
Event: 261.167 Thread 0x000001e67c1f5060 Uncommon trap: trap_request=0xffffffbe fr.pc=0x000001e65c3c8cc0 relative=0x0000000000000b40
Event: 261.167 Thread 0x000001e67c1f5060 Uncommon trap: reason=profile_predicate action=maybe_recompile pc=0x000001e65c3c8cc0 method=com.android.tools.r8.internal.Q5.b(Lcom/android/tools/r8/internal/ZD;)Z @ 38 c2
Event: 261.167 Thread 0x000001e67c1f5060 DEOPT PACKING pc=0x000001e65c3c8cc0 sp=0x0000005f0d5fa800
Event: 261.167 Thread 0x000001e67c1f5060 DEOPT UNPACKING pc=0x000001e65a4023a3 sp=0x0000005f0d5fa7e8 mode 2
Event: 261.167 Thread 0x000001e67c1f5060 Uncommon trap: trap_request=0xffffffbe fr.pc=0x000001e65c3c8cc0 relative=0x0000000000000b40
Event: 261.167 Thread 0x000001e67c1f5060 Uncommon trap: reason=profile_predicate action=maybe_recompile pc=0x000001e65c3c8cc0 method=com.android.tools.r8.internal.Q5.b(Lcom/android/tools/r8/internal/ZD;)Z @ 38 c2
Event: 261.167 Thread 0x000001e67c1f5060 DEOPT PACKING pc=0x000001e65c3c8cc0 sp=0x0000005f0d5fa9f0
Event: 261.167 Thread 0x000001e67c1f5060 DEOPT UNPACKING pc=0x000001e65a4023a3 sp=0x0000005f0d5fa9d8 mode 2
Event: 261.167 Thread 0x000001e67c1f5060 Uncommon trap: trap_request=0xffffffbe fr.pc=0x000001e65c3c8cc0 relative=0x0000000000000b40
Event: 261.167 Thread 0x000001e67c1f5060 Uncommon trap: reason=profile_predicate action=maybe_recompile pc=0x000001e65c3c8cc0 method=com.android.tools.r8.internal.Q5.b(Lcom/android/tools/r8/internal/ZD;)Z @ 38 c2
Event: 261.167 Thread 0x000001e67c1f5060 DEOPT PACKING pc=0x000001e65c3c8cc0 sp=0x0000005f0d5fa9f0
Event: 261.167 Thread 0x000001e67c1f5060 DEOPT UNPACKING pc=0x000001e65a4023a3 sp=0x0000005f0d5fa9d8 mode 2

Classes unloaded (20 events):
Event: 249.111 Thread 0x000001e677990fa0 Unloading class 0x000001e6024bb800 'jdk/internal/jimage/ImageHeader'
Event: 249.111 Thread 0x000001e677990fa0 Unloading class 0x000001e6024badc8 'jdk/internal/jimage/BasicImageReader$2'
Event: 249.111 Thread 0x000001e677990fa0 Unloading class 0x000001e6024bab98 'jdk/internal/jimage/BasicImageReader$1'
Event: 249.111 Thread 0x000001e677990fa0 Unloading class 0x000001e6024ba930 'jdk/internal/jimage/ImageReader$Resource'
Event: 249.111 Thread 0x000001e677990fa0 Unloading class 0x000001e6024ba6c8 'jdk/internal/jimage/ImageReader$LinkNode'
Event: 249.111 Thread 0x000001e677990fa0 Unloading class 0x000001e6024ba460 'jdk/internal/jimage/ImageReader$Directory'
Event: 249.111 Thread 0x000001e677990fa0 Unloading class 0x000001e6024ba1f8 'jdk/internal/jimage/ImageReader$Node'
Event: 249.111 Thread 0x000001e677990fa0 Unloading class 0x000001e6024ba000 'jdk/internal/jimage/ImageStrings'
Event: 249.111 Thread 0x000001e677990fa0 Unloading class 0x000001e6024b9b50 'jdk/internal/jimage/ImageReader$SharedImageReader'
Event: 249.111 Thread 0x000001e677990fa0 Unloading class 0x000001e6024b9890 'jdk/internal/jimage/BasicImageReader'
Event: 249.111 Thread 0x000001e677990fa0 Unloading class 0x000001e6024b9670 'jdk/internal/jimage/ImageReader'
Event: 249.111 Thread 0x000001e677990fa0 Unloading class 0x000001e6024b9448 'jdk/internal/jrtfs/SystemImage$2'
Event: 249.111 Thread 0x000001e677990fa0 Unloading class 0x000001e6024b9230 'jdk/internal/jrtfs/SystemImage$$Lambda$3046+0x000001e6024b9230'
Event: 249.111 Thread 0x000001e677990fa0 Unloading class 0x000001e6024b9000 'jdk/internal/jrtfs/ExplodedImage'
Event: 249.111 Thread 0x000001e677990fa0 Unloading class 0x000001e6024b8dc8 'jdk/internal/jrtfs/SystemImage$1'
Event: 249.111 Thread 0x000001e677990fa0 Unloading class 0x000001e6024b8bb0 'jdk/internal/jrtfs/SystemImage'
Event: 249.111 Thread 0x000001e677990fa0 Unloading class 0x000001e6024b8950 'jdk/internal/jrtfs/JrtFileStore'
Event: 249.111 Thread 0x000001e677990fa0 Unloading class 0x000001e6024b85d8 'jdk/internal/jrtfs/JrtPath'
Event: 249.111 Thread 0x000001e677990fa0 Unloading class 0x000001e6024b82e0 'jdk/internal/jrtfs/JrtFileSystem'
Event: 249.111 Thread 0x000001e677990fa0 Unloading class 0x000001e6024b8000 'jdk/internal/jrtfs/JrtFileSystemProvider'

Classes redefined (0 events):
No events

Internal exceptions (20 events):
Event: 241.454 Thread 0x000001e67ee6b730 Exception <a 'sun/nio/fs/WindowsException'{0x000000063bfc3f70}> (0x000000063bfc3f70) 
thrown [s\open\src\hotspot\share\prims\jni.cpp, line 516]
Event: 242.145 Thread 0x000001e67ee6b730 Exception <a 'java/lang/NoSuchMethodError'{0x0000000630deaa08}: 'void java.lang.invoke.DirectMethodHandle$Holder.invokeSpecialIFC(java.lang.Object, java.lang.Object, java.lang.Object, java.lang.Object)'> (0x0000000630deaa08) 
thrown [s\open\src\hotspot\share\interpreter\linkResolver.cpp, line 759]
Event: 243.459 Thread 0x000001e67c1f9230 Exception <a 'sun/nio/fs/WindowsException'{0x000000063b3f6ea0}> (0x000000063b3f6ea0) 
thrown [s\open\src\hotspot\share\prims\jni.cpp, line 516]
Event: 243.697 Thread 0x000001e67ee6b730 Implicit null exception at 0x000001e65be4b315 to 0x000001e65be4dbbc
Event: 243.937 Thread 0x000001e67ee6b730 Exception <a 'sun/nio/fs/WindowsException'{0x0000000637b374c0}> (0x0000000637b374c0) 
thrown [s\open\src\hotspot\share\prims\jni.cpp, line 516]
Event: 244.069 Thread 0x000001e67c1f9230 Exception <a 'sun/nio/fs/WindowsException'{0x00000006357464a0}> (0x00000006357464a0) 
thrown [s\open\src\hotspot\share\prims\jni.cpp, line 516]
Event: 244.362 Thread 0x000001e67ee6b730 Exception <a 'sun/nio/fs/WindowsException'{0x00000006307a5da8}> (0x00000006307a5da8) 
thrown [s\open\src\hotspot\share\prims\jni.cpp, line 516]
Event: 244.768 Thread 0x000001e67c1f9230 Implicit null exception at 0x000001e65be81e80 to 0x000001e65be82b70
Event: 245.535 Thread 0x000001e67c1f78e0 Exception <a 'sun/nio/fs/WindowsException'{0x0000000640c2fde8}> (0x0000000640c2fde8) 
thrown [s\open\src\hotspot\share\prims\jni.cpp, line 516]
Event: 245.558 Thread 0x000001e67c1f78e0 Exception <a 'sun/nio/fs/WindowsException'{0x0000000640d59870}> (0x0000000640d59870) 
thrown [s\open\src\hotspot\share\prims\jni.cpp, line 516]
Event: 245.754 Thread 0x000001e67c1f78e0 Exception <a 'sun/nio/fs/WindowsException'{0x000000063f8c9aa8}> (0x000000063f8c9aa8) 
thrown [s\open\src\hotspot\share\prims\jni.cpp, line 516]
Event: 245.891 Thread 0x000001e67c1f78e0 Exception <a 'sun/nio/fs/WindowsException'{0x000000063df3f008}> (0x000000063df3f008) 
thrown [s\open\src\hotspot\share\prims\jni.cpp, line 516]
Event: 252.378 Thread 0x000001e67c1f78e0 Exception <a 'sun/nio/fs/WindowsException'{0x000000062b27b770}> (0x000000062b27b770) 
thrown [s\open\src\hotspot\share\prims\jni.cpp, line 516]
Event: 252.511 Thread 0x000001e67c1f78e0 Exception <a 'sun/nio/fs/WindowsException'{0x000000062b38c508}> (0x000000062b38c508) 
thrown [s\open\src\hotspot\share\prims\jni.cpp, line 516]
Event: 252.523 Thread 0x000001e67c1f78e0 Exception <a 'sun/nio/fs/WindowsException'{0x000000062944a900}> (0x000000062944a900) 
thrown [s\open\src\hotspot\share\prims\jni.cpp, line 516]
Event: 252.575 Thread 0x000001e67c1f78e0 Exception <a 'sun/nio/fs/WindowsException'{0x000000062955ab58}> (0x000000062955ab58) 
thrown [s\open\src\hotspot\share\prims\jni.cpp, line 516]
Event: 252.583 Thread 0x000001e67c1f78e0 Exception <a 'sun/nio/fs/WindowsException'{0x00000006295d85b0}> (0x00000006295d85b0) 
thrown [s\open\src\hotspot\share\prims\jni.cpp, line 516]
Event: 253.159 Thread 0x000001e67c1f5060 Exception <a 'sun/nio/fs/WindowsException'{0x000000064346e540}> (0x000000064346e540) 
thrown [s\open\src\hotspot\share\prims\jni.cpp, line 516]
Event: 258.885 Thread 0x000001e67ee6b730 Exception <a 'sun/nio/fs/WindowsException'{0x00000006414a04c8}> (0x00000006414a04c8) 
thrown [s\open\src\hotspot\share\prims\jni.cpp, line 516]
Event: 260.633 Thread 0x000001e67c1f9230 Exception <a 'sun/nio/fs/WindowsException'{0x000000062cf737d8}> (0x000000062cf737d8) 
thrown [s\open\src\hotspot\share\prims\jni.cpp, line 516]

VM Operations (20 events):
Event: 256.753 Executing VM operation: G1CollectForAllocation done
Event: 256.787 Executing VM operation: HandshakeAllThreads
Event: 256.819 Executing VM operation: HandshakeAllThreads done
Event: 257.692 Executing VM operation: HandshakeAllThreads
Event: 257.735 Executing VM operation: HandshakeAllThreads done
Event: 258.143 Executing VM operation: G1CollectForAllocation
Event: 258.220 Executing VM operation: G1CollectForAllocation done
Event: 259.235 Executing VM operation: Cleanup
Event: 259.236 Executing VM operation: Cleanup done
Event: 259.358 Executing VM operation: G1Concurrent
Event: 259.392 Executing VM operation: G1Concurrent done
Event: 259.734 Executing VM operation: G1Concurrent
Event: 259.736 Executing VM operation: G1Concurrent done
Event: 260.332 Executing VM operation: ICBufferFull
Event: 260.333 Executing VM operation: ICBufferFull done
Event: 260.791 Executing VM operation: HandshakeAllThreads
Event: 260.792 Executing VM operation: HandshakeAllThreads done
Event: 261.071 Executing VM operation: G1CollectForAllocation
Event: 261.088 Executing VM operation: G1CollectForAllocation done
Event: 261.296 Executing VM operation: G1CollectForAllocation

Events (20 events):
Event: 257.777 Thread 0x000001e6779c27b0 flushing nmethod 0x000001e6568ed210
Event: 257.777 Thread 0x000001e6779c27b0 flushing nmethod 0x000001e6568ffb90
Event: 257.777 Thread 0x000001e6779c27b0 flushing nmethod 0x000001e65691ef90
Event: 257.777 Thread 0x000001e6779c27b0 flushing nmethod 0x000001e656a04790
Event: 260.827 Thread 0x000001e6779c27b0 flushing nmethod 0x000001e655e70b90
Event: 260.828 Thread 0x000001e6779c27b0 flushing nmethod 0x000001e655f36c90
Event: 260.829 Thread 0x000001e6779c27b0 flushing nmethod 0x000001e6560b6310
Event: 260.829 Thread 0x000001e6779c27b0 flushing nmethod 0x000001e656257e90
Event: 260.829 Thread 0x000001e6779c27b0 flushing nmethod 0x000001e65627f410
Event: 260.830 Thread 0x000001e6779c27b0 flushing nmethod 0x000001e656387410
Event: 260.830 Thread 0x000001e6779c27b0 flushing nmethod 0x000001e65639e410
Event: 260.830 Thread 0x000001e6779c27b0 flushing nmethod 0x000001e6563bb910
Event: 260.832 Thread 0x000001e6779c27b0 flushing nmethod 0x000001e6566e3a90
Event: 260.833 Thread 0x000001e6779c27b0 flushing nmethod 0x000001e656794d10
Event: 260.833 Thread 0x000001e6779c27b0 flushing nmethod 0x000001e6567a4090
Event: 260.833 Thread 0x000001e6779c27b0 flushing nmethod 0x000001e6567a5190
Event: 260.833 Thread 0x000001e6779c27b0 flushing nmethod 0x000001e6567b4a90
Event: 260.833 Thread 0x000001e6779c27b0 flushing nmethod 0x000001e6567ba810
Event: 260.833 Thread 0x000001e6779c27b0 flushing nmethod 0x000001e656808590
Event: 260.833 Thread 0x000001e6779c27b0 flushing nmethod 0x000001e656808b90


Dynamic libraries:
0x00007ff6de250000 - 0x00007ff6de260000 	D:\ntintProg\f_new\jdk-17.0.12\bin\java.exe
0x00007ffab9370000 - 0x00007ffab9568000 	C:\Windows\SYSTEM32\ntdll.dll
0x00007ffab8440000 - 0x00007ffab8502000 	C:\Windows\System32\KERNEL32.DLL
0x00007ffab6b00000 - 0x00007ffab6df6000 	C:\Windows\System32\KERNELBASE.dll
0x00007ffab6a00000 - 0x00007ffab6b00000 	C:\Windows\System32\ucrtbase.dll
0x00007ffa9d410000 - 0x00007ffa9d429000 	D:\ntintProg\f_new\jdk-17.0.12\bin\jli.dll
0x00007ffa9d180000 - 0x00007ffa9d19b000 	D:\ntintProg\f_new\jdk-17.0.12\bin\VCRUNTIME140.dll
0x00007ffab8590000 - 0x00007ffab8641000 	C:\Windows\System32\ADVAPI32.dll
0x00007ffab90e0000 - 0x00007ffab917e000 	C:\Windows\System32\msvcrt.dll
0x00007ffab8290000 - 0x00007ffab832f000 	C:\Windows\System32\sechost.dll
0x00007ffab8650000 - 0x00007ffab8773000 	C:\Windows\System32\RPCRT4.dll
0x00007ffab6f60000 - 0x00007ffab6f87000 	C:\Windows\System32\bcrypt.dll
0x00007ffab8f40000 - 0x00007ffab90dd000 	C:\Windows\System32\USER32.dll
0x00007ffab7230000 - 0x00007ffab7252000 	C:\Windows\System32\win32u.dll
0x00007ffab7390000 - 0x00007ffab73bb000 	C:\Windows\System32\GDI32.dll
0x00007ffab7020000 - 0x00007ffab7139000 	C:\Windows\System32\gdi32full.dll
0x00007ffab7140000 - 0x00007ffab71dd000 	C:\Windows\System32\msvcp_win.dll
0x00007ffa9df20000 - 0x00007ffa9e1ba000 	C:\Windows\WinSxS\amd64_microsoft.windows.common-controls_6595b64144ccf1df_6.0.19041.5915_none_60b4b9d171f9c7c7\COMCTL32.dll
0x00007ffab08a0000 - 0x00007ffab08aa000 	C:\Windows\SYSTEM32\VERSION.dll
0x00007ffab8330000 - 0x00007ffab835f000 	C:\Windows\System32\IMM32.DLL
0x00007ffa9d3f0000 - 0x00007ffa9d3fc000 	D:\ntintProg\f_new\jdk-17.0.12\bin\vcruntime140_1.dll
0x00007ffa7d1c0000 - 0x00007ffa7d24e000 	D:\ntintProg\f_new\jdk-17.0.12\bin\msvcp140.dll
0x00007ffa7c070000 - 0x00007ffa7cc50000 	D:\ntintProg\f_new\jdk-17.0.12\bin\server\jvm.dll
0x00007ffab73c0000 - 0x00007ffab73c8000 	C:\Windows\System32\PSAPI.DLL
0x00007ffa9d350000 - 0x00007ffa9d359000 	C:\Windows\SYSTEM32\WSOCK32.dll
0x00007ffab8520000 - 0x00007ffab858b000 	C:\Windows\System32\WS2_32.dll
0x00007ffaab1e0000 - 0x00007ffaab207000 	C:\Windows\SYSTEM32\WINMM.dll
0x00007ffab48a0000 - 0x00007ffab48b2000 	C:\Windows\SYSTEM32\kernel.appcore.dll
0x00007ffa9bf10000 - 0x00007ffa9bf1a000 	D:\ntintProg\f_new\jdk-17.0.12\bin\jimage.dll
0x00007ffaa6ea0000 - 0x00007ffaa70a1000 	C:\Windows\SYSTEM32\DBGHELP.DLL
0x00007ffa94b90000 - 0x00007ffa94bc4000 	C:\Windows\SYSTEM32\dbgcore.DLL
0x00007ffab6f90000 - 0x00007ffab7012000 	C:\Windows\System32\bcryptPrimitives.dll
0x00007ffa97650000 - 0x00007ffa9765e000 	D:\ntintProg\f_new\jdk-17.0.12\bin\instrument.dll
0x00007ffa9a6d0000 - 0x00007ffa9a6f5000 	D:\ntintProg\f_new\jdk-17.0.12\bin\java.dll
0x00007ffa79770000 - 0x00007ffa79847000 	D:\ntintProg\f_new\jdk-17.0.12\bin\jsvml.dll
0x00007ffab7b20000 - 0x00007ffab828e000 	C:\Windows\System32\SHELL32.dll
0x00007ffab4aa0000 - 0x00007ffab5244000 	C:\Windows\SYSTEM32\windows.storage.dll
0x00007ffab73d0000 - 0x00007ffab7723000 	C:\Windows\System32\combase.dll
0x00007ffab6430000 - 0x00007ffab645b000 	C:\Windows\SYSTEM32\Wldp.dll
0x00007ffab7840000 - 0x00007ffab790d000 	C:\Windows\System32\OLEAUT32.dll
0x00007ffab7790000 - 0x00007ffab783d000 	C:\Windows\System32\SHCORE.dll
0x00007ffab7730000 - 0x00007ffab778b000 	C:\Windows\System32\shlwapi.dll
0x00007ffab6930000 - 0x00007ffab6954000 	C:\Windows\SYSTEM32\profapi.dll
0x00007ffa96d50000 - 0x00007ffa96d68000 	D:\ntintProg\f_new\jdk-17.0.12\bin\zip.dll
0x00007ffa9b100000 - 0x00007ffa9b119000 	D:\ntintProg\f_new\jdk-17.0.12\bin\net.dll
0x00007ffaafd50000 - 0x00007ffaafe5a000 	C:\Windows\SYSTEM32\WINHTTP.dll
0x00007ffab6140000 - 0x00007ffab61aa000 	C:\Windows\system32\mswsock.dll
0x00007ffa985e0000 - 0x00007ffa985f6000 	D:\ntintProg\f_new\jdk-17.0.12\bin\nio.dll
0x00007ffa9b220000 - 0x00007ffa9b230000 	D:\ntintProg\f_new\jdk-17.0.12\bin\verify.dll
0x00007ffa85910000 - 0x00007ffa85937000 	C:\Users\old21\.gradle\native\1def1411415f61bf3af743bc5b6707747c0891f09f0c88961ee8f79bc544acac\windows-amd64\native-platform.dll
0x00007ffa794e0000 - 0x00007ffa79558000 	C:\Users\old21\.gradle\native\0.2.7\x86_64-windows-gnu\gradle-fileevents.dll
0x00007ffa9a380000 - 0x00007ffa9a38a000 	D:\ntintProg\f_new\jdk-17.0.12\bin\management.dll
0x00007ffa9a2b0000 - 0x00007ffa9a2bb000 	D:\ntintProg\f_new\jdk-17.0.12\bin\management_ext.dll
0x00007ffab5e00000 - 0x00007ffab5e3b000 	C:\Windows\SYSTEM32\IPHLPAPI.DLL
0x00007ffab8510000 - 0x00007ffab8518000 	C:\Windows\System32\NSI.dll
0x00007ffab0d70000 - 0x00007ffab0d87000 	C:\Windows\SYSTEM32\dhcpcsvc6.DLL
0x00007ffab0d40000 - 0x00007ffab0d5d000 	C:\Windows\SYSTEM32\dhcpcsvc.DLL
0x00007ffab5e40000 - 0x00007ffab5f0a000 	C:\Windows\SYSTEM32\DNSAPI.dll
0x00007ffab6390000 - 0x00007ffab63a8000 	C:\Windows\SYSTEM32\CRYPTSP.dll
0x00007ffab59e0000 - 0x00007ffab5a18000 	C:\Windows\system32\rsaenh.dll
0x00007ffab68b0000 - 0x00007ffab68de000 	C:\Windows\SYSTEM32\USERENV.dll
0x00007ffab6380000 - 0x00007ffab638c000 	C:\Windows\SYSTEM32\CRYPTBASE.dll
0x00007ffa94d10000 - 0x00007ffa94d1e000 	D:\ntintProg\f_new\jdk-17.0.12\bin\sunmscapi.dll
0x00007ffab6e00000 - 0x00007ffab6f5d000 	C:\Windows\System32\CRYPT32.dll
0x00007ffab64a0000 - 0x00007ffab64c7000 	C:\Windows\SYSTEM32\ncrypt.dll
0x00007ffab6460000 - 0x00007ffab649b000 	C:\Windows\SYSTEM32\NTASN1.dll
0x00007ffaabac0000 - 0x00007ffaabac7000 	C:\Windows\system32\wshunix.dll
0x000000006a980000 - 0x000000006a9a6000 	C:\Program Files\Bonjour\mdnsNSP.dll
0x00007ffaac920000 - 0x00007ffaac92a000 	C:\Windows\System32\rasadhlp.dll
0x00007ffaacf20000 - 0x00007ffaacfa0000 	C:\Windows\System32\fwpuclnt.dll
0x00007ffab5c30000 - 0x00007ffab5c63000 	C:\Windows\SYSTEM32\ntmarta.dll

dbghelp: loaded successfully - version: 4.0.5 - missing functions: none
symbol engine: initialized successfully - sym options: 0x614 - pdb path: .;D:\ntintProg\f_new\jdk-17.0.12\bin;C:\Windows\SYSTEM32;C:\Windows\WinSxS\amd64_microsoft.windows.common-controls_6595b64144ccf1df_6.0.19041.5915_none_60b4b9d171f9c7c7;D:\ntintProg\f_new\jdk-17.0.12\bin\server;C:\Users\old21\.gradle\native\1def1411415f61bf3af743bc5b6707747c0891f09f0c88961ee8f79bc544acac\windows-amd64;C:\Users\old21\.gradle\native\0.2.7\x86_64-windows-gnu;C:\Program Files\Bonjour

VM Arguments:
jvm_args: --add-opens=java.base/java.lang=ALL-UNNAMED --add-opens=java.base/java.lang.invoke=ALL-UNNAMED --add-opens=java.base/java.util=ALL-UNNAMED --add-opens=java.prefs/java.util.prefs=ALL-UNNAMED --add-exports=jdk.compiler/com.sun.tools.javac.api=ALL-UNNAMED --add-exports=jdk.compiler/com.sun.tools.javac.util=ALL-UNNAMED --add-opens=java.base/java.util=ALL-UNNAMED --add-opens=java.prefs/java.util.prefs=ALL-UNNAMED --add-opens=java.base/java.nio.charset=ALL-UNNAMED --add-opens=java.base/java.net=ALL-UNNAMED --add-opens=java.base/java.util.concurrent.atomic=ALL-UNNAMED --add-opens=java.xml/javax.xml.namespace=ALL-UNNAMED -Xmx8192m -Dfile.encoding=windows-1251 -Duser.country=RU -Duser.language=ru -Duser.variant -javaagent:C:\Users\old21\.gradle\wrapper\dists\gradle-8.14.1-bin\baw1sv0jfoi8rxs14qo3h49cs\gradle-8.14.1\lib\agents\gradle-instrumentation-agent-8.14.1.jar 
java_command: org.gradle.launcher.daemon.bootstrap.GradleDaemon 8.14.1
java_class_path (initial): C:\Users\old21\.gradle\wrapper\dists\gradle-8.14.1-bin\baw1sv0jfoi8rxs14qo3h49cs\gradle-8.14.1\lib\gradle-daemon-main-8.14.1.jar
Launcher Type: SUN_STANDARD

[Global flags]
     intx CICompilerCount                          = 3                                         {product} {ergonomic}
     uint ConcGCThreads                            = 1                                         {product} {ergonomic}
     uint G1ConcRefinementThreads                  = 4                                         {product} {ergonomic}
   size_t G1HeapRegionSize                         = 4194304                                   {product} {ergonomic}
    uintx GCDrainStackTargetSize                   = 64                                        {product} {ergonomic}
   size_t InitialHeapSize                          = 268435456                                 {product} {ergonomic}
   size_t MarkStackSize                            = 4194304                                   {product} {ergonomic}
   size_t MaxHeapSize                              = 8589934592                                {product} {command line}
   size_t MaxNewSize                               = 5150605312                                {product} {ergonomic}
   size_t MinHeapDeltaBytes                        = 4194304                                   {product} {ergonomic}
   size_t MinHeapSize                              = 8388608                                   {product} {ergonomic}
    uintx NonNMethodCodeHeapSize                   = 5832780                                {pd product} {ergonomic}
    uintx NonProfiledCodeHeapSize                  = 122912730                              {pd product} {ergonomic}
    uintx ProfiledCodeHeapSize                     = 122912730                              {pd product} {ergonomic}
    uintx ReservedCodeCacheSize                    = 251658240                              {pd product} {ergonomic}
     bool SegmentedCodeCache                       = true                                      {product} {ergonomic}
   size_t SoftMaxHeapSize                          = 8589934592                             {manageable} {ergonomic}
     bool UseCompressedClassPointers               = true                           {product lp64_product} {ergonomic}
     bool UseCompressedOops                        = true                           {product lp64_product} {ergonomic}
     bool UseG1GC                                  = true                                      {product} {ergonomic}
     bool UseLargePagesIndividualAllocation        = false                                  {pd product} {ergonomic}

Logging:
Log output configuration:
 #0: stdout all=warning uptime,level,tags
 #1: stderr all=off uptime,level,tags

Environment Variables:
JAVA_HOME=D:\ntintProg\f_new\jdk-17.0.12
PATH=D:\projects\1\NotesWeatherApp\node_modules\.bin;D:\projects\1\NotesWeatherApp\node_modules\.bin;D:\projects\1\node_modules\.bin;D:\projects\node_modules\.bin;D:\node_modules\.bin;D:\Program\nodejs\node_modules\npm\node_modules\@npmcli\run-script\lib\node-gyp-bin;D:\ntintProg\f_new\flutter\bin\cache\dart-sdk\bin\;C:\Program Files (x86)\Common Files\Intel\Shared Libraries\redist\intel64\compiler;C:\Windows\system32;C:\Windows;C:\Windows\System32\Wbem;C:\Windows\System32\WindowsPowerShell\v1.0\;C:\Windows\System32\OpenSSH\;C:\Program Files\Microsoft SQL Server\Client SDK\ODBC\130\Tools\Binn\;D:\Program\Git\cmd;C:\Program Files (x86)\dotnet\;C:\Program Files (x86)\NVIDIA Corporation\PhysX\Common;C:\Program Files\NVIDIA Corporation\NVIDIA app\NvDLISR;D:\ntintProg\f_new\jdk-17.0.12\bin;D:\Program\nodejs\;C:\Users\old21\AppData\Local\Programs\Python\Python39\Scripts\;C:\Users\old21\AppData\Local\Programs\Python\Python39\;C:\Users\old21\AppData\Local\Microsoft\WindowsApps;D:\intelliJ\IntelliJ IDEA Community Edition 2022.2.3\bin;;C:\Program Files\Azure Data Studio\bin;D:\Microsoft VS Code\bin;C:\Program Files\sfdx\bin;D:\Program\pch\PyCharm Community Edition 2021.3.2\bin;;C:\Program Files\heroku\bin;C:\Users\old21\AppData\Local\GitHubDesktop\bin;D:\ntintProg\f_new\flutter\bin;D:\ntintProg\f_new\jdk-17.0.12\bin;C:\Users\old21\AppData\Local\Pub\Cache\bin;D:\ntintProg\discord\ffmpeg-7.1-full_build\bin;D:\Program\cursor\resources\app\bin;C:\Users\old21\AppData\Roaming\npm;D:\ntintProg\f_new\a_sdk\platform-tools;D:\ntintProg\f_new\a_sdk\emulator;
USERNAME=old21
LANG=en_US.UTF-8
OS=Windows_NT
PROCESSOR_IDENTIFIER=Intel64 Family 6 Model 94 Stepping 3, GenuineIntel



---------------  S Y S T E M  ---------------

OS:
 Windows 10 , 64 bit Build 19041 (10.0.19041.5915)
OS uptime: 0 days 3:20 hours

CPU: total 4 (initial active 4) (4 cores per cpu, 1 threads per core) family 6 model 94 stepping 3 microcode 0xcc, cx8, cmov, fxsr, mmx, 3dnowpref, sse, sse2, sse3, ssse3, sse4.1, sse4.2, popcnt, lzcnt, tsc, tscinvbit, avx, avx2, aes, erms, clmul, bmi1, bmi2, adx, fma, vzeroupper, clflush, clflushopt

Memory: 4k page, system-wide physical 16336M (343M free)
TotalPageFile size 23676M (AvailPageFile size 122M)
current process WorkingSet (physical memory assigned to process): 1335M, peak: 1398M
current process commit charge ("private bytes"): 1693M, peak: 1917M

vm_info: Java HotSpot(TM) 64-Bit Server VM (17.0.12+8-LTS-286) for windows-amd64 JRE (17.0.12+8-LTS-286), built on Jun  5 2024 06:46:59 by "mach5one" with MS VC++ 17.6 (VS2022)

END.
